# compute-mfcc-feats --write-utt2dur=ark,t:exp/make_mfcc/train/utt2dur.1 --verbose=2 --config=conf/mfcc.conf scp,p:exp/make_mfcc/train/wav_train.1.scp ark:- | copy-feats --write-num-frames=ark,t:exp/make_mfcc/train/utt2num_frames.1 --compress=true ark:- ark,scp:/home/michaeljohngarcia/kaldi/egs/kaldi_toy_example/mfcc/raw_mfcc_train.1.ark,/home/michaeljohngarcia/kaldi/egs/kaldi_toy_example/mfcc/raw_mfcc_train.1.scp 
# Started at Tue Dec 14 21:17:17 PST 2021
#
compute-mfcc-feats --write-utt2dur=ark,t:exp/make_mfcc/train/utt2dur.1 --verbose=2 --config=conf/mfcc.conf scp,p:exp/make_mfcc/train/wav_train.1.scp ark:- 
copy-feats --write-num-frames=ark,t:exp/make_mfcc/train/utt2num_frames.1 --compress=true ark:- ark,scp:/home/michaeljohngarcia/kaldi/egs/kaldi_toy_example/mfcc/raw_mfcc_train.1.ark,/home/michaeljohngarcia/kaldi/egs/kaldi_toy_example/mfcc/raw_mfcc_train.1.scp 
WARNING (compute-mfcc-feats[5.5.986~1-5caf25]:main():compute-mfcc-feats.cc:122) Channel not specified but you have data with 2 channels; defaulting to zero
VLOG[2] (compute-mfcc-feats[5.5.986~1-5caf25]:main():compute-mfcc-feats.cc:182) Processed features for key pedro_cão_sapo_leão_gato
WARNING (compute-mfcc-feats[5.5.986~1-5caf25]:main():compute-mfcc-feats.cc:122) Channel not specified but you have data with 2 channels; defaulting to zero
VLOG[2] (compute-mfcc-feats[5.5.986~1-5caf25]:main():compute-mfcc-feats.cc:182) Processed features for key pedro_gato_cão_gato_cão
WARNING (compute-mfcc-feats[5.5.986~1-5caf25]:main():compute-mfcc-feats.cc:122) Channel not specified but you have data with 2 channels; defaulting to zero
VLOG[2] (compute-mfcc-feats[5.5.986~1-5caf25]:main():compute-mfcc-feats.cc:182) Processed features for key pedro_gato_gato_gato_gato
WARNING (compute-mfcc-feats[5.5.986~1-5caf25]:main():compute-mfcc-feats.cc:122) Channel not specified but you have data with 2 channels; defaulting to zero
VLOG[2] (compute-mfcc-feats[5.5.986~1-5caf25]:main():compute-mfcc-feats.cc:182) Processed features for key pedro_gato_gato_leão_gato
WARNING (compute-mfcc-feats[5.5.986~1-5caf25]:main():compute-mfcc-feats.cc:122) Channel not specified but you have data with 2 channels; defaulting to zero
VLOG[2] (compute-mfcc-feats[5.5.986~1-5caf25]:main():compute-mfcc-feats.cc:182) Processed features for key pedro_gato_leão_cão_gato
WARNING (compute-mfcc-feats[5.5.986~1-5caf25]:main():compute-mfcc-feats.cc:122) Channel not specified but you have data with 2 channels; defaulting to zero
VLOG[2] (compute-mfcc-feats[5.5.986~1-5caf25]:main():compute-mfcc-feats.cc:182) Processed features for key pedro_gato_leão_sapo_leão
WARNING (compute-mfcc-feats[5.5.986~1-5caf25]:main():compute-mfcc-feats.cc:122) Channel not specified but you have data with 2 channels; defaulting to zero
VLOG[2] (compute-mfcc-feats[5.5.986~1-5caf25]:main():compute-mfcc-feats.cc:182) Processed features for key pedro_gato_leão_sapo_sapo
WARNING (compute-mfcc-feats[5.5.986~1-5caf25]:main():compute-mfcc-feats.cc:122) Channel not specified but you have data with 2 channels; defaulting to zero
VLOG[2] (compute-mfcc-feats[5.5.986~1-5caf25]:main():compute-mfcc-feats.cc:182) Processed features for key pedro_gato_sapo_gato_sapo
WARNING (compute-mfcc-feats[5.5.986~1-5caf25]:main():compute-mfcc-feats.cc:122) Channel not specified but you have data with 2 channels; defaulting to zero
VLOG[2] (compute-mfcc-feats[5.5.986~1-5caf25]:main():compute-mfcc-feats.cc:182) Processed features for key pedro_leão_cão_gato_sapo
WARNING (compute-mfcc-feats[5.5.986~1-5caf25]:main():compute-mfcc-feats.cc:122) Channel not specified but you have data with 2 channels; defaulting to zero
LOG (compute-mfcc-feats[5.5.986~1-5caf25]:main():compute-mfcc-feats.cc:181) Processed 10 utterances
VLOG[2] (compute-mfcc-feats[5.5.986~1-5caf25]:main():compute-mfcc-feats.cc:182) Processed features for key pedro_leão_leão_leão_leão
WARNING (compute-mfcc-feats[5.5.986~1-5caf25]:main():compute-mfcc-feats.cc:122) Channel not specified but you have data with 2 channels; defaulting to zero
VLOG[2] (compute-mfcc-feats[5.5.986~1-5caf25]:main():compute-mfcc-feats.cc:182) Processed features for key pedro_leão_leão_sapo_sapo
WARNING (compute-mfcc-feats[5.5.986~1-5caf25]:main():compute-mfcc-feats.cc:122) Channel not specified but you have data with 2 channels; defaulting to zero
VLOG[2] (compute-mfcc-feats[5.5.986~1-5caf25]:main():compute-mfcc-feats.cc:182) Processed features for key pedro_leão_leão_sapo_sapo2
WARNING (compute-mfcc-feats[5.5.986~1-5caf25]:main():compute-mfcc-feats.cc:122) Channel not specified but you have data with 2 channels; defaulting to zero
VLOG[2] (compute-mfcc-feats[5.5.986~1-5caf25]:main():compute-mfcc-feats.cc:182) Processed features for key pedro_leão_sapo_leão_sapo
WARNING (compute-mfcc-feats[5.5.986~1-5caf25]:main():compute-mfcc-feats.cc:122) Channel not specified but you have data with 2 channels; defaulting to zero
VLOG[2] (compute-mfcc-feats[5.5.986~1-5caf25]:main():compute-mfcc-feats.cc:182) Processed features for key pedro_sapo_sapo_sapo_sapo
LOG (compute-mfcc-feats[5.5.986~1-5caf25]:main():compute-mfcc-feats.cc:185)  Done 14 out of 14 utterances.
LOG (copy-feats[5.5.986~1-5caf25]:main():copy-feats.cc:143) Copied 14 feature matrices.
# Accounting: time=1 threads=1
# Ended (code 0) at Tue Dec 14 21:17:18 PST 2021, elapsed time 1 seconds
