# build-tree --verbose=1 --max-leaves=2000 --cluster-thresh=-1 exp/tri1/treeacc data/lang/phones/roots.int exp/tri1/questions.qst data/lang/topo exp/tri1/tree 
# Started at Tue Mar 15 14:45:39 PST 2022
#
build-tree --verbose=1 --max-leaves=2000 --cluster-thresh=-1 exp/tri1/treeacc data/lang/phones/roots.int exp/tri1/questions.qst data/lang/topo exp/tri1/tree 
LOG (build-tree[5.5.986~1-5caf25]:main():build-tree.cc:104) Number of separate statistics is 254
LOG (build-tree[5.5.986~1-5caf25]:BuildTree():build-tree.cc:161) BuildTree: before building trees, map has 28 leaves.
LOG (build-tree[5.5.986~1-5caf25]:SplitDecisionTree():build-tree-utils.cc:577) DoDecisionTreeSplit: split 89 times, #leaves now 117
LOG (build-tree[5.5.986~1-5caf25]:BuildTree():build-tree.cc:187) Setting clustering threshold to smallest split 302.549
VLOG[1] (build-tree[5.5.986~1-5caf25]:BuildTree():build-tree.cc:196) After decision tree split, num-leaves = 117, like-impr = 5.47494 per frame over 26167 frames.
VLOG[1] (build-tree[5.5.986~1-5caf25]:BuildTree():build-tree.cc:200) Including just phones that were split, improvement is 5.47494 per frame over 26167 frames.
LOG (build-tree[5.5.986~1-5caf25]:BuildTree():build-tree.cc:215) BuildTree: removed 6 leaves.
VLOG[1] (build-tree[5.5.986~1-5caf25]:ClusterEventMapToNClustersRestrictedByMap():build-tree-utils.cc:914) Number of non-empty clusters in map = 27
VLOG[1] (build-tree[5.5.986~1-5caf25]:ClusterEventMapToNClustersRestrictedByMap():build-tree-utils.cc:915) Number of non-empty clusters = 110
LOG (build-tree[5.5.986~1-5caf25]:BuildTree():build-tree.cc:231) BuildTree: Rounded num leaves to multiple of 8 by removing 7 leaves.
VLOG[1] (build-tree[5.5.986~1-5caf25]:BuildTree():build-tree.cc:256) Objf change due to clustering -0.137463 per frame.
VLOG[1] (build-tree[5.5.986~1-5caf25]:BuildTree():build-tree.cc:259) Normalizing over only split phones, this is: -0.137463 per frame.
VLOG[1] (build-tree[5.5.986~1-5caf25]:BuildTree():build-tree.cc:262) Num-leaves is now 104
VLOG[1] (build-tree[5.5.986~1-5caf25]:main():build-tree.cc:143) For pdf-id 1, low count 0
VLOG[1] (build-tree[5.5.986~1-5caf25]:main():build-tree.cc:143) For pdf-id 3, low count 92
VLOG[1] (build-tree[5.5.986~1-5caf25]:main():build-tree.cc:143) For pdf-id 7, low count 99
VLOG[1] (build-tree[5.5.986~1-5caf25]:main():build-tree.cc:143) For pdf-id 12, low count 51
VLOG[1] (build-tree[5.5.986~1-5caf25]:main():build-tree.cc:143) For pdf-id 13, low count 77
VLOG[1] (build-tree[5.5.986~1-5caf25]:main():build-tree.cc:143) For pdf-id 15, low count 71
VLOG[1] (build-tree[5.5.986~1-5caf25]:main():build-tree.cc:143) For pdf-id 16, low count 33
VLOG[1] (build-tree[5.5.986~1-5caf25]:main():build-tree.cc:143) For pdf-id 19, low count 46
VLOG[1] (build-tree[5.5.986~1-5caf25]:main():build-tree.cc:143) For pdf-id 21, low count 78
VLOG[1] (build-tree[5.5.986~1-5caf25]:main():build-tree.cc:143) For pdf-id 22, low count 58
VLOG[1] (build-tree[5.5.986~1-5caf25]:main():build-tree.cc:143) For pdf-id 26, low count 99
VLOG[1] (build-tree[5.5.986~1-5caf25]:main():build-tree.cc:143) For pdf-id 33, low count 90
VLOG[1] (build-tree[5.5.986~1-5caf25]:main():build-tree.cc:143) For pdf-id 37, low count 53
VLOG[1] (build-tree[5.5.986~1-5caf25]:main():build-tree.cc:143) For pdf-id 41, low count 74
VLOG[1] (build-tree[5.5.986~1-5caf25]:main():build-tree.cc:143) For pdf-id 49, low count 87
VLOG[1] (build-tree[5.5.986~1-5caf25]:main():build-tree.cc:143) For pdf-id 56, low count 80
VLOG[1] (build-tree[5.5.986~1-5caf25]:main():build-tree.cc:143) For pdf-id 61, low count 99
VLOG[1] (build-tree[5.5.986~1-5caf25]:main():build-tree.cc:143) For pdf-id 64, low count 69
VLOG[1] (build-tree[5.5.986~1-5caf25]:main():build-tree.cc:143) For pdf-id 66, low count 69
VLOG[1] (build-tree[5.5.986~1-5caf25]:main():build-tree.cc:143) For pdf-id 69, low count 33
VLOG[1] (build-tree[5.5.986~1-5caf25]:main():build-tree.cc:143) For pdf-id 72, low count 53
VLOG[1] (build-tree[5.5.986~1-5caf25]:main():build-tree.cc:143) For pdf-id 73, low count 87
VLOG[1] (build-tree[5.5.986~1-5caf25]:main():build-tree.cc:143) For pdf-id 75, low count 56
VLOG[1] (build-tree[5.5.986~1-5caf25]:main():build-tree.cc:143) For pdf-id 78, low count 17
VLOG[1] (build-tree[5.5.986~1-5caf25]:main():build-tree.cc:143) For pdf-id 80, low count 43
VLOG[1] (build-tree[5.5.986~1-5caf25]:main():build-tree.cc:143) For pdf-id 82, low count 64
VLOG[1] (build-tree[5.5.986~1-5caf25]:main():build-tree.cc:143) For pdf-id 84, low count 39
VLOG[1] (build-tree[5.5.986~1-5caf25]:main():build-tree.cc:143) For pdf-id 87, low count 32
VLOG[1] (build-tree[5.5.986~1-5caf25]:main():build-tree.cc:143) For pdf-id 88, low count 85
VLOG[1] (build-tree[5.5.986~1-5caf25]:main():build-tree.cc:143) For pdf-id 89, low count 21
VLOG[1] (build-tree[5.5.986~1-5caf25]:main():build-tree.cc:143) For pdf-id 90, low count 69
VLOG[1] (build-tree[5.5.986~1-5caf25]:main():build-tree.cc:143) For pdf-id 93, low count 30
VLOG[1] (build-tree[5.5.986~1-5caf25]:main():build-tree.cc:143) For pdf-id 96, low count 37
VLOG[1] (build-tree[5.5.986~1-5caf25]:main():build-tree.cc:143) For pdf-id 99, low count 20
VLOG[1] (build-tree[5.5.986~1-5caf25]:main():build-tree.cc:143) For pdf-id 100, low count 69
VLOG[1] (build-tree[5.5.986~1-5caf25]:main():build-tree.cc:143) For pdf-id 103, low count 70
WARNING (build-tree[5.5.986~1-5caf25]:main():build-tree.cc:185) Saw no stats for following phones: 2 3 4 5 6 7 8 9 10 12 13 14 15 17 18 20 21 22 23 24 25 28 29 30 31 33 34 35 36 38 40 41 42 44 45 46 47 49 50 52 53 54 55 57 58 59 61 62 63 65 66 67 69 70 71 73 74 76 77 78 80 81 82 84 85 86 87 88 90 92 93 94 96 97 98 100 101 102 103 105 106 109 110 111 113 114 
LOG (build-tree[5.5.986~1-5caf25]:main():build-tree.cc:189) Wrote tree
# Accounting: time=0 threads=1
# Ended (code 0) at Tue Mar 15 14:45:39 PST 2022, elapsed time 0 seconds
