# gmm-init-model --write-occs=exp/tri1/1.occs exp/tri1/tree exp/tri1/treeacc data/lang/topo exp/tri1/1.mdl 
# Started at Tue Mar 15 14:45:39 PST 2022
#
gmm-init-model --write-occs=exp/tri1/1.occs exp/tri1/tree exp/tri1/treeacc data/lang/topo exp/tri1/1.mdl 
LOG (gmm-init-model[5.5.986~1-5caf25]:main():gmm-init-model.cc:271) Number of separate statistics is 254
WARNING (gmm-init-model[5.5.986~1-5caf25]:InitAmGmm():gmm-init-model.cc:55) Tree has pdf-id 1 with no stats; corresponding phone list: 6 7 8 9 10 
WARNING (gmm-init-model[5.5.986~1-5caf25]:InitAmGmm():gmm-init-model.cc:83) Very small count for state 3: 92; corresponding phone list: 15 16 17 18 
WARNING (gmm-init-model[5.5.986~1-5caf25]:InitAmGmm():gmm-init-model.cc:83) Very small count for state 7: 99; corresponding phone list: 31 32 33 34 
WARNING (gmm-init-model[5.5.986~1-5caf25]:InitAmGmm():gmm-init-model.cc:83) Very small count for state 12: 51; corresponding phone list: 51 52 53 54 
WARNING (gmm-init-model[5.5.986~1-5caf25]:InitAmGmm():gmm-init-model.cc:83) Very small count for state 13: 77; corresponding phone list: 55 56 57 58 
WARNING (gmm-init-model[5.5.986~1-5caf25]:InitAmGmm():gmm-init-model.cc:83) Very small count for state 15: 71; corresponding phone list: 63 64 65 66 
WARNING (gmm-init-model[5.5.986~1-5caf25]:InitAmGmm():gmm-init-model.cc:83) Very small count for state 16: 33; corresponding phone list: 67 68 69 70 
WARNING (gmm-init-model[5.5.986~1-5caf25]:InitAmGmm():gmm-init-model.cc:83) Very small count for state 19: 46; corresponding phone list: 79 80 81 82 
WARNING (gmm-init-model[5.5.986~1-5caf25]:InitAmGmm():gmm-init-model.cc:83) Very small count for state 21: 78; corresponding phone list: 87 88 89 90 
WARNING (gmm-init-model[5.5.986~1-5caf25]:InitAmGmm():gmm-init-model.cc:83) Very small count for state 22: 58; corresponding phone list: 91 92 93 94 
WARNING (gmm-init-model[5.5.986~1-5caf25]:InitAmGmm():gmm-init-model.cc:83) Very small count for state 26: 99; corresponding phone list: 107 108 109 110 
WARNING (gmm-init-model[5.5.986~1-5caf25]:InitAmGmm():gmm-init-model.cc:83) Very small count for state 33: 90; corresponding phone list: 51 52 53 54 
WARNING (gmm-init-model[5.5.986~1-5caf25]:InitAmGmm():gmm-init-model.cc:83) Very small count for state 37: 53; corresponding phone list: 23 24 25 26 
WARNING (gmm-init-model[5.5.986~1-5caf25]:InitAmGmm():gmm-init-model.cc:83) Very small count for state 41: 74; corresponding phone list: 55 56 57 58 
WARNING (gmm-init-model[5.5.986~1-5caf25]:InitAmGmm():gmm-init-model.cc:83) Very small count for state 49: 87; corresponding phone list: 23 24 25 26 
WARNING (gmm-init-model[5.5.986~1-5caf25]:InitAmGmm():gmm-init-model.cc:83) Very small count for state 56: 80; corresponding phone list: 19 20 21 22 
WARNING (gmm-init-model[5.5.986~1-5caf25]:InitAmGmm():gmm-init-model.cc:83) Very small count for state 61: 99; corresponding phone list: 63 64 65 66 
WARNING (gmm-init-model[5.5.986~1-5caf25]:InitAmGmm():gmm-init-model.cc:83) Very small count for state 64: 69; corresponding phone list: 15 16 17 18 
WARNING (gmm-init-model[5.5.986~1-5caf25]:InitAmGmm():gmm-init-model.cc:83) Very small count for state 66: 69; corresponding phone list: 19 20 21 22 
WARNING (gmm-init-model[5.5.986~1-5caf25]:InitAmGmm():gmm-init-model.cc:83) Very small count for state 69: 33; corresponding phone list: 11 12 13 14 
WARNING (gmm-init-model[5.5.986~1-5caf25]:InitAmGmm():gmm-init-model.cc:83) Very small count for state 72: 53; corresponding phone list: 79 80 81 82 
WARNING (gmm-init-model[5.5.986~1-5caf25]:InitAmGmm():gmm-init-model.cc:83) Very small count for state 73: 87; corresponding phone list: 15 16 17 18 
WARNING (gmm-init-model[5.5.986~1-5caf25]:InitAmGmm():gmm-init-model.cc:83) Very small count for state 75: 56; corresponding phone list: 55 56 57 58 
WARNING (gmm-init-model[5.5.986~1-5caf25]:InitAmGmm():gmm-init-model.cc:83) Very small count for state 78: 17; corresponding phone list: 103 104 105 106 
WARNING (gmm-init-model[5.5.986~1-5caf25]:InitAmGmm():gmm-init-model.cc:83) Very small count for state 80: 43; corresponding phone list: 63 64 65 66 
WARNING (gmm-init-model[5.5.986~1-5caf25]:InitAmGmm():gmm-init-model.cc:83) Very small count for state 82: 64; corresponding phone list: 31 32 33 34 
WARNING (gmm-init-model[5.5.986~1-5caf25]:InitAmGmm():gmm-init-model.cc:83) Very small count for state 84: 39; corresponding phone list: 23 24 25 26 
WARNING (gmm-init-model[5.5.986~1-5caf25]:InitAmGmm():gmm-init-model.cc:83) Very small count for state 87: 32; corresponding phone list: 71 72 73 74 
WARNING (gmm-init-model[5.5.986~1-5caf25]:InitAmGmm():gmm-init-model.cc:83) Very small count for state 88: 85; corresponding phone list: 107 108 109 110 
WARNING (gmm-init-model[5.5.986~1-5caf25]:InitAmGmm():gmm-init-model.cc:83) Very small count for state 89: 21; corresponding phone list: 91 92 93 94 
WARNING (gmm-init-model[5.5.986~1-5caf25]:InitAmGmm():gmm-init-model.cc:83) Very small count for state 90: 69; corresponding phone list: 47 48 49 50 
WARNING (gmm-init-model[5.5.986~1-5caf25]:InitAmGmm():gmm-init-model.cc:83) Very small count for state 93: 30; corresponding phone list: 31 32 33 34 
WARNING (gmm-init-model[5.5.986~1-5caf25]:InitAmGmm():gmm-init-model.cc:83) Very small count for state 96: 37; corresponding phone list: 95 96 97 98 
WARNING (gmm-init-model[5.5.986~1-5caf25]:InitAmGmm():gmm-init-model.cc:83) Very small count for state 99: 20; corresponding phone list: 83 84 85 86 
WARNING (gmm-init-model[5.5.986~1-5caf25]:InitAmGmm():gmm-init-model.cc:83) Very small count for state 100: 69; corresponding phone list: 67 68 69 70 
WARNING (gmm-init-model[5.5.986~1-5caf25]:InitAmGmm():gmm-init-model.cc:83) Very small count for state 103: 70; corresponding phone list: 11 12 13 14 
LOG (gmm-init-model[5.5.986~1-5caf25]:main():gmm-init-model.cc:306) Wrote model.
# Accounting: time=0 threads=1
# Ended (code 0) at Tue Mar 15 14:45:40 PST 2022, elapsed time 0 seconds
