# gmm-est --mix-up=4520 --power=0.25 --write-occs=exp/tri1/9.occs exp/tri1/8.mdl "gmm-sum-accs - exp/tri1/8.*.acc |" exp/tri1/9.mdl 
# Started at Tue Mar 15 14:45:46 PST 2022
#
gmm-est --mix-up=4520 --power=0.25 --write-occs=exp/tri1/9.occs exp/tri1/8.mdl 'gmm-sum-accs - exp/tri1/8.*.acc |' exp/tri1/9.mdl 
gmm-sum-accs - exp/tri1/8.1.acc 
LOG (gmm-sum-accs[5.5.986~1-5caf25]:main():gmm-sum-accs.cc:63) Summed 1 stats, total count 26167, avg like/frame -88.8661
LOG (gmm-sum-accs[5.5.986~1-5caf25]:main():gmm-sum-accs.cc:66) Total count of stats is 26167
LOG (gmm-sum-accs[5.5.986~1-5caf25]:main():gmm-sum-accs.cc:67) Written stats to -
LOG (gmm-est[5.5.986~1-5caf25]:MleUpdate():transition-model.cc:528) TransitionModel::Update, objf change is 0 per frame over 26167 frames. 
LOG (gmm-est[5.5.986~1-5caf25]:MleUpdate():transition-model.cc:531) 6 probabilities floored, 364 out of 474 transition-states skipped due to insuffient data (it is normal to have some skipped.)
LOG (gmm-est[5.5.986~1-5caf25]:main():gmm-est.cc:102) Transition model update: Overall 0 log-like improvement per frame over 26167 frames.
WARNING (gmm-est[5.5.986~1-5caf25]:MleDiagGmmUpdate():mle-diag-gmm.cc:359) Too little data - removing Gaussian (weight 0.006084, occupation count 9.406408, vector size 39)
WARNING (gmm-est[5.5.986~1-5caf25]:MleDiagGmmUpdate():mle-diag-gmm.cc:365) Gaussian has too little data but not removing it because it is the last Gaussian: i = 0, occ = 0, weight = 1
WARNING (gmm-est[5.5.986~1-5caf25]:MleDiagGmmUpdate():mle-diag-gmm.cc:359) Too little data - removing Gaussian (weight 0.049578, occupation count 9.915625, vector size 39)
WARNING (gmm-est[5.5.986~1-5caf25]:MleDiagGmmUpdate():mle-diag-gmm.cc:359) Too little data - removing Gaussian (weight 0.001896, occupation count 9.709122, vector size 39)
WARNING (gmm-est[5.5.986~1-5caf25]:MleDiagGmmUpdate():mle-diag-gmm.cc:359) Too little data - removing Gaussian (weight 0.001814, occupation count 9.287803, vector size 39)
WARNING (gmm-est[5.5.986~1-5caf25]:MleDiagGmmUpdate():mle-diag-gmm.cc:359) Too little data - removing Gaussian (weight 0.001711, occupation count 8.760481, vector size 39)
WARNING (gmm-est[5.5.986~1-5caf25]:MleDiagGmmUpdate():mle-diag-gmm.cc:359) Too little data - removing Gaussian (weight 0.017189, occupation count 9.608742, vector size 39)
WARNING (gmm-est[5.5.986~1-5caf25]:MleDiagGmmUpdate():mle-diag-gmm.cc:359) Too little data - removing Gaussian (weight 0.008352, occupation count 8.502092, vector size 39)
WARNING (gmm-est[5.5.986~1-5caf25]:MleDiagGmmUpdate():mle-diag-gmm.cc:359) Too little data - removing Gaussian (weight 0.019999, occupation count 9.019735, vector size 39)
WARNING (gmm-est[5.5.986~1-5caf25]:MleDiagGmmUpdate():mle-diag-gmm.cc:359) Too little data - removing Gaussian (weight 0.082565, occupation count 9.990359, vector size 39)
WARNING (gmm-est[5.5.986~1-5caf25]:MleDiagGmmUpdate():mle-diag-gmm.cc:359) Too little data - removing Gaussian (weight 0.038636, occupation count 9.852201, vector size 39)
LOG (gmm-est[5.5.986~1-5caf25]:MleAmDiagGmmUpdate():mle-am-diag-gmm.cc:225) 0 variance elements floored in 0 Gaussians, out of 1241
LOG (gmm-est[5.5.986~1-5caf25]:MleAmDiagGmmUpdate():mle-am-diag-gmm.cc:229) Removed 10 Gaussians due to counts < --min-gaussian-occupancy=10 and --remove-low-count-gaussians=true
LOG (gmm-est[5.5.986~1-5caf25]:main():gmm-est.cc:113) GMM update: Overall 0.277963 objective function improvement per frame over 26167 frames
LOG (gmm-est[5.5.986~1-5caf25]:main():gmm-est.cc:116) GMM update: Overall avg like per frame = -88.8661 over 26167 frames.
WARNING (gmm-est[5.5.986~1-5caf25]:GetSplitTargets():model-common.cc:134) Could not split up to 4520 due to min-count = 20 (or no counts at all)

LOG (gmm-est[5.5.986~1-5caf25]:SplitByCount():am-diag-gmm.cc:116) Split 104 states with target = 4520, power = 0.25, perturb_factor = 0.01 and min_count = 20, split #Gauss from 1241 to 1251
LOG (gmm-est[5.5.986~1-5caf25]:main():gmm-est.cc:146) Written model to exp/tri1/9.mdl
# Accounting: time=0 threads=1
# Ended (code 0) at Tue Mar 15 14:45:46 PST 2022, elapsed time 0 seconds
