# gunzip -c exp/mono/decode/depth_tmp.*.gz | steps/diagnostic/analyze_lattice_depth_stats.py exp/mono/graph exp/mono/decode/ali_frame_tmp.gz 
# Started at Tue Mar 15 14:45:35 PST 2022
#
The total amount of data analyzed assuming 100 frames per second is 0.0 hours
Overall, lattice depth (10,50,90-percentile)=(1,3,14) and mean=5.0
Nonsilence phones as a group account for 52.9% of frames, with lattice depth (10,50,90-percentile)=(1,2,14) and mean=4.7
Phone sil accounts for 47.1% of frames, with lattice depth (10,50,90-percentile)=(1,3,13) and mean=5.4
Phone lo_E accounts for 9.7% of frames, with lattice depth (10,50,90-percentile)=(1,3,14) and mean=5.1
Phone pu_B accounts for 3.8% of frames, with lattice depth (10,50,90-percentile)=(1,5,14) and mean=5.8
Phone si_B accounts for 3.6% of frames, with lattice depth (10,50,90-percentile)=(1,2,10) and mean=4.2
Phone a_B accounts for 3.5% of frames, with lattice depth (10,50,90-percentile)=(1,5,16) and mean=6.1
Phone yam_E accounts for 3.4% of frames, with lattice depth (10,50,90-percentile)=(1,3,10) and mean=4.5
Phone sa_I accounts for 2.5% of frames, with lattice depth (10,50,90-percentile)=(1,1,3) and mean=1.6
Phone pat_E accounts for 2.4% of frames, with lattice depth (10,50,90-percentile)=(1,5,17) and mean=6.8
Phone anom_S accounts for 2.1% of frames, with lattice depth (10,50,90-percentile)=(2,8,17) and mean=7.3
Phone ay_I accounts for 2.0% of frames, with lattice depth (10,50,90-percentile)=(1,1,5) and mean=2.6
Phone tat_B accounts for 2.0% of frames, with lattice depth (10,50,90-percentile)=(1,3,6) and mean=2.8
Phone ma_E accounts for 2.0% of frames, with lattice depth (10,50,90-percentile)=(1,1,2) and mean=2.0
Phone d_B accounts for 1.9% of frames, with lattice depth (10,50,90-percentile)=(1,1,5) and mean=2.4
Phone to_E accounts for 1.9% of frames, with lattice depth (10,50,90-percentile)=(1,1,5) and mean=2.8
Phone wa_B accounts for 1.7% of frames, with lattice depth (10,50,90-percentile)=(1,1,17) and mean=6.0
Phone om_E accounts for 1.6% of frames, with lattice depth (10,50,90-percentile)=(4,7,17) and mean=9.8
Phone wa_E accounts for 1.3% of frames, with lattice depth (10,50,90-percentile)=(2,3,4) and mean=2.7
Phone at_E accounts for 1.3% of frames, with lattice depth (10,50,90-percentile)=(1,1,4) and mean=1.9
Phone li_B accounts for 1.2% of frames, with lattice depth (10,50,90-percentile)=(1,1,2) and mean=1.2
Phone i_B accounts for 1.0% of frames, with lattice depth (10,50,90-percentile)=(1,1,2) and mean=1.2
Phone am_E accounts for 0.9% of frames, with lattice depth (10,50,90-percentile)=(2,2,11) and mean=5.7
Phone pi_B accounts for 0.8% of frames, with lattice depth (10,50,90-percentile)=(1,2,9) and mean=4.6
Phone la_E accounts for 0.8% of frames, with lattice depth (10,50,90-percentile)=(1,2,5) and mean=3.4
Phone an_B accounts for 0.8% of frames, with lattice depth (10,50,90-percentile)=(4,15,17) and mean=13.2
# Accounting: time=0 threads=1
# Ended (code 0) at Tue Mar 15 14:45:35 PST 2022, elapsed time 0 seconds
