# gmm-latgen-faster --max-active=7000 --beam=13.0 --lattice-beam=6.0 --acoustic-scale=0.083333 --allow-partial=true --word-symbol-table=exp/mono/graph/words.txt exp/mono/final.mdl exp/mono/graph/HCLG.fst "ark,s,cs:apply-cmvn  --utt2spk=ark:data/test/split1/1/utt2spk scp:data/test/split1/1/cmvn.scp scp:data/test/split1/1/feats.scp ark:- | add-deltas  ark:- ark:- |" "ark:|gzip -c > exp/mono/decode/lat.1.gz" 
# Started at Tue Mar 15 14:45:32 PST 2022
#
gmm-latgen-faster --max-active=7000 --beam=13.0 --lattice-beam=6.0 --acoustic-scale=0.083333 --allow-partial=true --word-symbol-table=exp/mono/graph/words.txt exp/mono/final.mdl exp/mono/graph/HCLG.fst 'ark,s,cs:apply-cmvn  --utt2spk=ark:data/test/split1/1/utt2spk scp:data/test/split1/1/cmvn.scp scp:data/test/split1/1/feats.scp ark:- | add-deltas  ark:- ark:- |' 'ark:|gzip -c > exp/mono/decode/lat.1.gz' 
add-deltas ark:- ark:- 
apply-cmvn --utt2spk=ark:data/test/split1/1/utt2spk scp:data/test/split1/1/cmvn.scp scp:data/test/split1/1/feats.scp ark:- 
jesusa_10_1_2 púeo isaea daywa 
LOG (gmm-latgen-faster[5.5.986~1-5caf25]:DecodeUtteranceLatticeFaster():decoder-wrappers.cc:375) Log-like per frame for utterance jesusa_10_1_2 is -8.52714 over 265 frames.
jesusa_10_4_7 púeo ap-at ap-at pitó púeo 
LOG (gmm-latgen-faster[5.5.986~1-5caf25]:DecodeUtteranceLatticeFaster():decoder-wrappers.cc:375) Log-like per frame for utterance jesusa_10_4_7 is -8.87298 over 224 frames.
jesusa_1_2_3 isaea daywa tatlo 
LOG (gmm-latgen-faster[5.5.986~1-5caf25]:DecodeUtteranceLatticeFaster():decoder-wrappers.cc:375) Log-like per frame for utterance jesusa_1_2_3 is -8.6538 over 267 frames.
jesusa_1_3_2 isaea ap-at tatlo daywa 
LOG (gmm-latgen-faster[5.5.986~1-5caf25]:DecodeUtteranceLatticeFaster():decoder-wrappers.cc:375) Log-like per frame for utterance jesusa_1_3_2 is -8.81538 over 262 frames.
jesusa_1_5_6 isaea ap-at li-má an-om 
LOG (gmm-latgen-faster[5.5.986~1-5caf25]:DecodeUtteranceLatticeFaster():decoder-wrappers.cc:375) Log-like per frame for utterance jesusa_1_5_6 is -9.01059 over 247 frames.
jesusa_4_4_2 ap-at ap-at ap-at ap-at daywa 
LOG (gmm-latgen-faster[5.5.986~1-5caf25]:DecodeUtteranceLatticeFaster():decoder-wrappers.cc:375) Log-like per frame for utterance jesusa_4_4_2 is -8.90669 over 254 frames.
jesusa_4_5_6 ap-at ap-at li-má an-om púeo an-om 
LOG (gmm-latgen-faster[5.5.986~1-5caf25]:DecodeUtteranceLatticeFaster():decoder-wrappers.cc:375) Log-like per frame for utterance jesusa_4_5_6 is -8.54437 over 258 frames.
jesusa_7_7_7 pitó púeo pitó púeo pitó púeo 
LOG (gmm-latgen-faster[5.5.986~1-5caf25]:DecodeUtteranceLatticeFaster():decoder-wrappers.cc:375) Log-like per frame for utterance jesusa_7_7_7 is -8.72045 over 204 frames.
jesusa_7_8_9 pitó púeo waeo siyám 
LOG (gmm-latgen-faster[5.5.986~1-5caf25]:DecodeUtteranceLatticeFaster():decoder-wrappers.cc:375) Log-like per frame for utterance jesusa_7_8_9 is -8.56459 over 247 frames.
jesusa_8_10_9 waeo púeo siyám 
LOG (gmm-latgen-faster[5.5.986~1-5caf25]:DecodeUtteranceLatticeFaster():decoder-wrappers.cc:375) Log-like per frame for utterance jesusa_8_10_9 is -8.87538 over 226 frames.
joecel_1_4_8 isaea ap-at ap-at ap-at waeo 
LOG (gmm-latgen-faster[5.5.986~1-5caf25]:DecodeUtteranceLatticeFaster():decoder-wrappers.cc:375) Log-like per frame for utterance joecel_1_4_8 is -8.34446 over 442 frames.
joecel_1_8_10 isaea ap-at waeo siyám púeo 
LOG (gmm-latgen-faster[5.5.986~1-5caf25]:DecodeUtteranceLatticeFaster():decoder-wrappers.cc:375) Log-like per frame for utterance joecel_1_8_10 is -8.26462 over 407 frames.
joecel_2_3_9 daywa ap-at tatlo siyám 
LOG (gmm-latgen-faster[5.5.986~1-5caf25]:DecodeUtteranceLatticeFaster():decoder-wrappers.cc:375) Log-like per frame for utterance joecel_2_3_9 is -8.07307 over 432 frames.
joecel_2_4_9 daywa siyám ap-at siyám siyám 
LOG (gmm-latgen-faster[5.5.986~1-5caf25]:DecodeUtteranceLatticeFaster():decoder-wrappers.cc:375) Log-like per frame for utterance joecel_2_4_9 is -8.16374 over 502 frames.
joecel_3_5_9 tatlo li-má ap-at siyám siyám 
LOG (gmm-latgen-faster[5.5.986~1-5caf25]:DecodeUtteranceLatticeFaster():decoder-wrappers.cc:375) Log-like per frame for utterance joecel_3_5_9 is -8.0088 over 437 frames.
LOG (apply-cmvn[5.5.986~1-5caf25]:main():apply-cmvn.cc:162) Applied cepstral mean normalization to 20 utterances, errors on 0
joecel_3_7_8 an-om pitó púeo tatlo siyám 
LOG (gmm-latgen-faster[5.5.986~1-5caf25]:DecodeUtteranceLatticeFaster():decoder-wrappers.cc:375) Log-like per frame for utterance joecel_3_7_8 is -8.10776 over 502 frames.
joecel_5_6_9 li-má ap-at an-om an-om siyám siyám 
LOG (gmm-latgen-faster[5.5.986~1-5caf25]:DecodeUtteranceLatticeFaster():decoder-wrappers.cc:375) Log-like per frame for utterance joecel_5_6_9 is -8.46233 over 372 frames.
joecel_6_7_9 an-om pitó púeo siyám siyám siyám 
LOG (gmm-latgen-faster[5.5.986~1-5caf25]:DecodeUtteranceLatticeFaster():decoder-wrappers.cc:375) Log-like per frame for utterance joecel_6_7_9 is -8.47476 over 430 frames.
joecel_6_8_10 an-om an-om waeo púeo 
LOG (gmm-latgen-faster[5.5.986~1-5caf25]:DecodeUtteranceLatticeFaster():decoder-wrappers.cc:375) Log-like per frame for utterance joecel_6_8_10 is -7.97195 over 411 frames.
joecel_8_9_10 waeo siyám siyám púeo 
LOG (gmm-latgen-faster[5.5.986~1-5caf25]:DecodeUtteranceLatticeFaster():decoder-wrappers.cc:375) Log-like per frame for utterance joecel_8_9_10 is -7.85249 over 458 frames.
LOG (gmm-latgen-faster[5.5.986~1-5caf25]:main():gmm-latgen-faster.cc:176) Time taken 2.65421s: real-time factor assuming 100 frames/sec is 0.0387646
LOG (gmm-latgen-faster[5.5.986~1-5caf25]:main():gmm-latgen-faster.cc:179) Done 20 utterances, failed for 0
LOG (gmm-latgen-faster[5.5.986~1-5caf25]:main():gmm-latgen-faster.cc:181) Overall log-likelihood per frame is -8.37341 over 6847 frames.
# Accounting: time=3 threads=1
# Ended (code 0) at Tue Mar 15 14:45:35 PST 2022, elapsed time 3 seconds
