# lattice-best-path --lm-scale=9 --word-symbol-table=exp/tri1/graph/words.txt "ark:gunzip -c exp/tri1/decode/lat.*.gz|" ark,t:exp/tri1/decode/scoring/9.tra 
# Started at Tue Mar 15 14:46:16 PST 2022
#
lattice-best-path --lm-scale=9 --word-symbol-table=exp/tri1/graph/words.txt 'ark:gunzip -c exp/tri1/decode/lat.*.gz|' ark,t:exp/tri1/decode/scoring/9.tra 
LOG (lattice-best-path[5.5.986~1-5caf25]:main():lattice-best-path.cc:99) For utterance jesusa_10_1_2, best cost 259.828 + 26739.2 = 26999 over 265 frames.
jesusa_10_1_2 púeo an-om isaea daywa 
LOG (lattice-best-path[5.5.986~1-5caf25]:main():lattice-best-path.cc:99) For utterance jesusa_10_4_7, best cost 295.176 + 23633.7 = 23928.8 over 224 frames.
jesusa_10_4_7 púeo ap-at pitó púeo 
LOG (lattice-best-path[5.5.986~1-5caf25]:main():lattice-best-path.cc:99) For utterance jesusa_1_2_3, best cost 262.738 + 27439 = 27701.7 over 267 frames.
jesusa_1_2_3 isaea ap-at daywa tatlo 
LOG (lattice-best-path[5.5.986~1-5caf25]:main():lattice-best-path.cc:99) For utterance jesusa_1_3_2, best cost 224.331 + 27248.9 = 27473.2 over 262 frames.
jesusa_1_3_2 isaea tatlo daywa 
LOG (lattice-best-path[5.5.986~1-5caf25]:main():lattice-best-path.cc:99) For utterance jesusa_1_5_6, best cost 210.107 + 26123.5 = 26333.6 over 247 frames.
jesusa_1_5_6 isaea li-má an-om 
LOG (lattice-best-path[5.5.986~1-5caf25]:main():lattice-best-path.cc:99) For utterance jesusa_4_4_2, best cost 244.573 + 27058 = 27302.6 over 254 frames.
jesusa_4_4_2 ap-at ap-at daywa 
LOG (lattice-best-path[5.5.986~1-5caf25]:main():lattice-best-path.cc:99) For utterance jesusa_4_5_6, best cost 253.459 + 26456.8 = 26710.3 over 258 frames.
jesusa_4_5_6 ap-at ap-at li-má an-om 
LOG (lattice-best-path[5.5.986~1-5caf25]:main():lattice-best-path.cc:99) For utterance jesusa_7_7_7, best cost 296.206 + 21247.4 = 21543.7 over 204 frames.
jesusa_7_7_7 pitó púeo pitó púeo pitó 
LOG (lattice-best-path[5.5.986~1-5caf25]:main():lattice-best-path.cc:99) For utterance jesusa_7_8_9, best cost 327.535 + 25377.5 = 25705 over 247 frames.
jesusa_7_8_9 pitó púeo an-om waeo an-om siyám 
LOG (lattice-best-path[5.5.986~1-5caf25]:main():lattice-best-path.cc:99) For utterance jesusa_8_10_9, best cost 210.148 + 23970.6 = 24180.8 over 226 frames.
jesusa_8_10_9 waeo púeo siyám 
LOG (lattice-best-path[5.5.986~1-5caf25]:main():lattice-best-path.cc:99) For utterance joecel_1_4_8, best cost 331.267 + 44324.6 = 44655.9 over 442 frames.
joecel_1_4_8 isaea ap-at ap-at púeo 
LOG (lattice-best-path[5.5.986~1-5caf25]:main():lattice-best-path.cc:99) For utterance joecel_1_8_10, best cost 357.706 + 40533.2 = 40890.9 over 407 frames.
joecel_1_8_10 li-má ap-at waeo púeo an-om 
LOG (lattice-best-path[5.5.986~1-5caf25]:main():lattice-best-path.cc:99) For utterance joecel_2_3_9, best cost 358.503 + 41737.6 = 42096.1 over 432 frames.
joecel_2_3_9 daywa ap-at tatlo siyám 
LOG (lattice-best-path[5.5.986~1-5caf25]:main():lattice-best-path.cc:99) For utterance joecel_2_4_9, best cost 399.382 + 49228.2 = 49627.5 over 502 frames.
joecel_2_4_9 daywa an-om ap-at siyám siyám 
LOG (lattice-best-path[5.5.986~1-5caf25]:main():lattice-best-path.cc:99) For utterance joecel_3_5_9, best cost 379.526 + 41921.1 = 42300.6 over 437 frames.
joecel_3_5_9 tatlo li-má ap-at siyám an-om 
LOG (lattice-best-path[5.5.986~1-5caf25]:main():lattice-best-path.cc:99) For utterance joecel_3_7_8, best cost 522.679 + 48903.5 = 49426.1 over 502 frames.
joecel_3_7_8 púeo tatlo an-om pitó púeo púeo siyám 
LOG (lattice-best-path[5.5.986~1-5caf25]:main():lattice-best-path.cc:99) For utterance joecel_5_6_9, best cost 347.157 + 37565.6 = 37912.8 over 372 frames.
joecel_5_6_9 li-má ap-at an-om an-om siyám 
LOG (lattice-best-path[5.5.986~1-5caf25]:main():lattice-best-path.cc:99) For utterance joecel_6_7_9, best cost 410.544 + 43503.9 = 43914.5 over 430 frames.
joecel_6_7_9 an-om pitó an-om siyám siyám ap-at 
LOG (lattice-best-path[5.5.986~1-5caf25]:main():lattice-best-path.cc:99) For utterance joecel_6_8_10, best cost 295.331 + 39251.2 = 39546.6 over 411 frames.
joecel_6_8_10 an-om púeo púeo 
LOG (lattice-best-path[5.5.986~1-5caf25]:main():lattice-best-path.cc:99) For utterance joecel_8_9_10, best cost 317.046 + 43331.7 = 43648.7 over 458 frames.
joecel_8_9_10 waeo siyám siyám púeo 
LOG (lattice-best-path[5.5.986~1-5caf25]:main():lattice-best-path.cc:124) Overall cost per frame is 101.051 = 0.920585 [graph] + 100.131 [acoustic] over 6847 frames.
LOG (lattice-best-path[5.5.986~1-5caf25]:main():lattice-best-path.cc:128) Done 20 lattices, failed for 0
# Accounting: time=0 threads=1
# Ended (code 0) at Tue Mar 15 14:46:16 PST 2022, elapsed time 0 seconds
