# lattice-best-path --lm-scale=17 --word-symbol-table=exp/tri1/graph/words.txt "ark:gunzip -c exp/tri1/decode/lat.*.gz|" ark,t:exp/tri1/decode/scoring/17.tra 
# Started at Tue Mar 15 14:46:16 PST 2022
#
lattice-best-path --lm-scale=17 --word-symbol-table=exp/tri1/graph/words.txt 'ark:gunzip -c exp/tri1/decode/lat.*.gz|' ark,t:exp/tri1/decode/scoring/17.tra 
LOG (lattice-best-path[5.5.986~1-5caf25]:main():lattice-best-path.cc:99) For utterance jesusa_10_1_2, best cost 421.303 + 26799.7 = 27221 over 265 frames.
jesusa_10_1_2 púeo isaea daywa 
LOG (lattice-best-path[5.5.986~1-5caf25]:main():lattice-best-path.cc:99) For utterance jesusa_10_4_7, best cost 557.556 + 23633.7 = 24191.2 over 224 frames.
jesusa_10_4_7 púeo ap-at pitó púeo 
LOG (lattice-best-path[5.5.986~1-5caf25]:main():lattice-best-path.cc:99) For utterance jesusa_1_2_3, best cost 422.18 + 27485 = 27907.2 over 267 frames.
jesusa_1_2_3 isaea daywa tatlo 
LOG (lattice-best-path[5.5.986~1-5caf25]:main():lattice-best-path.cc:99) For utterance jesusa_1_3_2, best cost 423.736 + 27248.9 = 27672.7 over 262 frames.
jesusa_1_3_2 isaea tatlo daywa 
LOG (lattice-best-path[5.5.986~1-5caf25]:main():lattice-best-path.cc:99) For utterance jesusa_1_5_6, best cost 396.869 + 26123.5 = 26520.4 over 247 frames.
jesusa_1_5_6 isaea li-má an-om 
LOG (lattice-best-path[5.5.986~1-5caf25]:main():lattice-best-path.cc:99) For utterance jesusa_4_4_2, best cost 461.971 + 27058 = 27520 over 254 frames.
jesusa_4_4_2 ap-at ap-at daywa 
LOG (lattice-best-path[5.5.986~1-5caf25]:main():lattice-best-path.cc:99) For utterance jesusa_4_5_6, best cost 383.028 + 26522.7 = 26905.7 over 258 frames.
jesusa_4_5_6 ap-at li-má an-om 
LOG (lattice-best-path[5.5.986~1-5caf25]:main():lattice-best-path.cc:99) For utterance jesusa_7_7_7, best cost 459.217 + 21339 = 21798.2 over 204 frames.
jesusa_7_7_7 pitó púeo pitó pitó 
LOG (lattice-best-path[5.5.986~1-5caf25]:main():lattice-best-path.cc:99) For utterance jesusa_7_8_9, best cost 458.768 + 25499 = 25957.8 over 247 frames.
jesusa_7_8_9 pitó púeo waeo siyám 
LOG (lattice-best-path[5.5.986~1-5caf25]:main():lattice-best-path.cc:99) For utterance jesusa_8_10_9, best cost 396.947 + 23970.6 = 24367.6 over 226 frames.
jesusa_8_10_9 waeo púeo siyám 
LOG (lattice-best-path[5.5.986~1-5caf25]:main():lattice-best-path.cc:99) For utterance joecel_1_4_8, best cost 625.727 + 44324.6 = 44950.4 over 442 frames.
joecel_1_4_8 isaea ap-at ap-at púeo 
LOG (lattice-best-path[5.5.986~1-5caf25]:main():lattice-best-path.cc:99) For utterance joecel_1_8_10, best cost 489.483 + 40664.9 = 41154.4 over 407 frames.
joecel_1_8_10 isaea waeo púeo 
LOG (lattice-best-path[5.5.986~1-5caf25]:main():lattice-best-path.cc:99) For utterance joecel_2_3_9, best cost 677.172 + 41737.6 = 42414.8 over 432 frames.
joecel_2_3_9 daywa ap-at tatlo siyám 
LOG (lattice-best-path[5.5.986~1-5caf25]:main():lattice-best-path.cc:99) For utterance joecel_2_4_9, best cost 655.141 + 49309.6 = 49964.7 over 502 frames.
joecel_2_4_9 daywa an-om siyám siyám 
LOG (lattice-best-path[5.5.986~1-5caf25]:main():lattice-best-path.cc:99) For utterance joecel_3_5_9, best cost 716.883 + 41921.1 = 42637.9 over 437 frames.
joecel_3_5_9 tatlo li-má ap-at siyám an-om 
LOG (lattice-best-path[5.5.986~1-5caf25]:main():lattice-best-path.cc:99) For utterance joecel_3_7_8, best cost 782.129 + 49065.1 = 49847.2 over 502 frames.
joecel_3_7_8 tatlo siyám púeo púeo 
LOG (lattice-best-path[5.5.986~1-5caf25]:main():lattice-best-path.cc:99) For utterance joecel_5_6_9, best cost 655.741 + 37565.6 = 38221.4 over 372 frames.
joecel_5_6_9 li-má ap-at an-om an-om siyám 
LOG (lattice-best-path[5.5.986~1-5caf25]:main():lattice-best-path.cc:99) For utterance joecel_6_7_9, best cost 698.476 + 43549.5 = 44248 over 430 frames.
joecel_6_7_9 an-om pitó an-om siyám siyám 
LOG (lattice-best-path[5.5.986~1-5caf25]:main():lattice-best-path.cc:99) For utterance joecel_6_8_10, best cost 557.848 + 39251.2 = 39809.1 over 411 frames.
joecel_6_8_10 an-om púeo púeo 
LOG (lattice-best-path[5.5.986~1-5caf25]:main():lattice-best-path.cc:99) For utterance joecel_8_9_10, best cost 598.865 + 43331.7 = 43930.5 over 458 frames.
joecel_8_9_10 waeo siyám siyám púeo 
LOG (lattice-best-path[5.5.986~1-5caf25]:main():lattice-best-path.cc:124) Overall cost per frame is 101.831 = 1.58303 [graph] + 100.248 [acoustic] over 6847 frames.
LOG (lattice-best-path[5.5.986~1-5caf25]:main():lattice-best-path.cc:128) Done 20 lattices, failed for 0
# Accounting: time=0 threads=1
# Ended (code 0) at Tue Mar 15 14:46:16 PST 2022, elapsed time 0 seconds
