# lattice-best-path --lm-scale=12 --word-symbol-table=exp/tri1/graph/words.txt "ark:gunzip -c exp/tri1/decode/lat.*.gz|" ark,t:exp/tri1/decode/scoring/12.tra 
# Started at Tue Mar 15 14:46:16 PST 2022
#
lattice-best-path --lm-scale=12 --word-symbol-table=exp/tri1/graph/words.txt 'ark:gunzip -c exp/tri1/decode/lat.*.gz|' ark,t:exp/tri1/decode/scoring/12.tra 
LOG (lattice-best-path[5.5.986~1-5caf25]:main():lattice-best-path.cc:99) For utterance jesusa_10_1_2, best cost 346.437 + 26739.2 = 27085.6 over 265 frames.
jesusa_10_1_2 púeo an-om isaea daywa 
LOG (lattice-best-path[5.5.986~1-5caf25]:main():lattice-best-path.cc:99) For utterance jesusa_10_4_7, best cost 393.569 + 23633.7 = 24027.2 over 224 frames.
jesusa_10_4_7 púeo ap-at pitó púeo 
LOG (lattice-best-path[5.5.986~1-5caf25]:main():lattice-best-path.cc:99) For utterance jesusa_1_2_3, best cost 298.009 + 27485 = 27783 over 267 frames.
jesusa_1_2_3 isaea daywa tatlo 
LOG (lattice-best-path[5.5.986~1-5caf25]:main():lattice-best-path.cc:99) For utterance jesusa_1_3_2, best cost 299.108 + 27248.9 = 27548 over 262 frames.
jesusa_1_3_2 isaea tatlo daywa 
LOG (lattice-best-path[5.5.986~1-5caf25]:main():lattice-best-path.cc:99) For utterance jesusa_1_5_6, best cost 280.143 + 26123.5 = 26403.7 over 247 frames.
jesusa_1_5_6 isaea li-má an-om 
LOG (lattice-best-path[5.5.986~1-5caf25]:main():lattice-best-path.cc:99) For utterance jesusa_4_4_2, best cost 326.097 + 27058 = 27384.1 over 254 frames.
jesusa_4_4_2 ap-at ap-at daywa 
LOG (lattice-best-path[5.5.986~1-5caf25]:main():lattice-best-path.cc:99) For utterance jesusa_4_5_6, best cost 270.373 + 26522.7 = 26793.1 over 258 frames.
jesusa_4_5_6 ap-at li-má an-om 
LOG (lattice-best-path[5.5.986~1-5caf25]:main():lattice-best-path.cc:99) For utterance jesusa_7_7_7, best cost 394.942 + 21247.4 = 21642.4 over 204 frames.
jesusa_7_7_7 pitó púeo pitó púeo pitó 
LOG (lattice-best-path[5.5.986~1-5caf25]:main():lattice-best-path.cc:99) For utterance jesusa_7_8_9, best cost 372.636 + 25430.5 = 25803.1 over 247 frames.
jesusa_7_8_9 pitó púeo waeo an-om siyám 
LOG (lattice-best-path[5.5.986~1-5caf25]:main():lattice-best-path.cc:99) For utterance jesusa_8_10_9, best cost 280.198 + 23970.6 = 24250.8 over 226 frames.
jesusa_8_10_9 waeo púeo siyám 
LOG (lattice-best-path[5.5.986~1-5caf25]:main():lattice-best-path.cc:99) For utterance joecel_1_4_8, best cost 441.689 + 44324.6 = 44766.3 over 442 frames.
joecel_1_4_8 isaea ap-at ap-at púeo 
LOG (lattice-best-path[5.5.986~1-5caf25]:main():lattice-best-path.cc:99) For utterance joecel_1_8_10, best cost 408.875 + 40597.8 = 41006.7 over 407 frames.
joecel_1_8_10 isaea waeo púeo an-om 
LOG (lattice-best-path[5.5.986~1-5caf25]:main():lattice-best-path.cc:99) For utterance joecel_2_3_9, best cost 478.004 + 41737.6 = 42215.6 over 432 frames.
joecel_2_3_9 daywa ap-at tatlo siyám 
LOG (lattice-best-path[5.5.986~1-5caf25]:main():lattice-best-path.cc:99) For utterance joecel_2_4_9, best cost 532.509 + 49228.2 = 49760.7 over 502 frames.
joecel_2_4_9 daywa an-om ap-at siyám siyám 
LOG (lattice-best-path[5.5.986~1-5caf25]:main():lattice-best-path.cc:99) For utterance joecel_3_5_9, best cost 506.035 + 41921.1 = 42427.1 over 437 frames.
joecel_3_5_9 tatlo li-má ap-at siyám an-om 
LOG (lattice-best-path[5.5.986~1-5caf25]:main():lattice-best-path.cc:99) For utterance joecel_3_7_8, best cost 668.232 + 48927.3 = 49595.6 over 502 frames.
joecel_3_7_8 tatlo an-om pitó púeo púeo siyám 
LOG (lattice-best-path[5.5.986~1-5caf25]:main():lattice-best-path.cc:99) For utterance joecel_5_6_9, best cost 462.876 + 37565.6 = 38028.5 over 372 frames.
joecel_5_6_9 li-má ap-at an-om an-om siyám 
LOG (lattice-best-path[5.5.986~1-5caf25]:main():lattice-best-path.cc:99) For utterance joecel_6_7_9, best cost 493.042 + 43549.5 = 44042.6 over 430 frames.
joecel_6_7_9 an-om pitó an-om siyám siyám 
LOG (lattice-best-path[5.5.986~1-5caf25]:main():lattice-best-path.cc:99) For utterance joecel_6_8_10, best cost 393.775 + 39251.2 = 39645 over 411 frames.
joecel_6_8_10 an-om púeo púeo 
LOG (lattice-best-path[5.5.986~1-5caf25]:main():lattice-best-path.cc:99) For utterance joecel_8_9_10, best cost 422.729 + 43331.7 = 43754.4 over 458 frames.
joecel_8_9_10 waeo siyám siyám púeo 
LOG (lattice-best-path[5.5.986~1-5caf25]:main():lattice-best-path.cc:124) Overall cost per frame is 101.353 = 1.17851 [graph] + 100.174 [acoustic] over 6847 frames.
LOG (lattice-best-path[5.5.986~1-5caf25]:main():lattice-best-path.cc:128) Done 20 lattices, failed for 0
# Accounting: time=0 threads=1
# Ended (code 0) at Tue Mar 15 14:46:16 PST 2022, elapsed time 0 seconds
