# lattice-best-path --lm-scale=10 --word-symbol-table=exp/tri1/graph/words.txt "ark:gunzip -c exp/tri1/decode/lat.*.gz|" ark,t:exp/tri1/decode/scoring/10.tra 
# Started at Tue Mar 15 14:46:16 PST 2022
#
lattice-best-path --lm-scale=10 --word-symbol-table=exp/tri1/graph/words.txt 'ark:gunzip -c exp/tri1/decode/lat.*.gz|' ark,t:exp/tri1/decode/scoring/10.tra 
LOG (lattice-best-path[5.5.986~1-5caf25]:main():lattice-best-path.cc:99) For utterance jesusa_10_1_2, best cost 288.697 + 26739.2 = 27027.9 over 265 frames.
jesusa_10_1_2 púeo an-om isaea daywa 
LOG (lattice-best-path[5.5.986~1-5caf25]:main():lattice-best-path.cc:99) For utterance jesusa_10_4_7, best cost 327.974 + 23633.7 = 23961.6 over 224 frames.
jesusa_10_4_7 púeo ap-at pitó púeo 
LOG (lattice-best-path[5.5.986~1-5caf25]:main():lattice-best-path.cc:99) For utterance jesusa_1_2_3, best cost 291.932 + 27439 = 27730.9 over 267 frames.
jesusa_1_2_3 isaea ap-at daywa tatlo 
LOG (lattice-best-path[5.5.986~1-5caf25]:main():lattice-best-path.cc:99) For utterance jesusa_1_3_2, best cost 249.256 + 27248.9 = 27498.2 over 262 frames.
jesusa_1_3_2 isaea tatlo daywa 
LOG (lattice-best-path[5.5.986~1-5caf25]:main():lattice-best-path.cc:99) For utterance jesusa_1_5_6, best cost 233.452 + 26123.5 = 26357 over 247 frames.
jesusa_1_5_6 isaea li-má an-om 
LOG (lattice-best-path[5.5.986~1-5caf25]:main():lattice-best-path.cc:99) For utterance jesusa_4_4_2, best cost 271.748 + 27058 = 27329.8 over 254 frames.
jesusa_4_4_2 ap-at ap-at daywa 
LOG (lattice-best-path[5.5.986~1-5caf25]:main():lattice-best-path.cc:99) For utterance jesusa_4_5_6, best cost 281.621 + 26456.8 = 26738.4 over 258 frames.
jesusa_4_5_6 ap-at ap-at li-má an-om 
LOG (lattice-best-path[5.5.986~1-5caf25]:main():lattice-best-path.cc:99) For utterance jesusa_7_7_7, best cost 329.118 + 21247.4 = 21576.6 over 204 frames.
jesusa_7_7_7 pitó púeo pitó púeo pitó 
LOG (lattice-best-path[5.5.986~1-5caf25]:main():lattice-best-path.cc:99) For utterance jesusa_7_8_9, best cost 310.53 + 25430.5 = 25741 over 247 frames.
jesusa_7_8_9 pitó púeo waeo an-om siyám 
LOG (lattice-best-path[5.5.986~1-5caf25]:main():lattice-best-path.cc:99) For utterance jesusa_8_10_9, best cost 233.498 + 23970.6 = 24204.1 over 226 frames.
jesusa_8_10_9 waeo púeo siyám 
LOG (lattice-best-path[5.5.986~1-5caf25]:main():lattice-best-path.cc:99) For utterance joecel_1_4_8, best cost 368.074 + 44324.6 = 44692.7 over 442 frames.
joecel_1_4_8 isaea ap-at ap-at púeo 
LOG (lattice-best-path[5.5.986~1-5caf25]:main():lattice-best-path.cc:99) For utterance joecel_1_8_10, best cost 397.451 + 40533.2 = 40930.7 over 407 frames.
joecel_1_8_10 li-má ap-at waeo púeo an-om 
LOG (lattice-best-path[5.5.986~1-5caf25]:main():lattice-best-path.cc:99) For utterance joecel_2_3_9, best cost 398.337 + 41737.6 = 42135.9 over 432 frames.
joecel_2_3_9 daywa ap-at tatlo siyám 
LOG (lattice-best-path[5.5.986~1-5caf25]:main():lattice-best-path.cc:99) For utterance joecel_2_4_9, best cost 443.758 + 49228.2 = 49671.9 over 502 frames.
joecel_2_4_9 daywa an-om ap-at siyám siyám 
LOG (lattice-best-path[5.5.986~1-5caf25]:main():lattice-best-path.cc:99) For utterance joecel_3_5_9, best cost 421.696 + 41921.1 = 42342.7 over 437 frames.
joecel_3_5_9 tatlo li-má ap-at siyám an-om 
LOG (lattice-best-path[5.5.986~1-5caf25]:main():lattice-best-path.cc:99) For utterance joecel_3_7_8, best cost 556.86 + 48927.3 = 49484.2 over 502 frames.
joecel_3_7_8 tatlo an-om pitó púeo púeo siyám 
LOG (lattice-best-path[5.5.986~1-5caf25]:main():lattice-best-path.cc:99) For utterance joecel_5_6_9, best cost 385.73 + 37565.6 = 37951.4 over 372 frames.
joecel_5_6_9 li-má ap-at an-om an-om siyám 
LOG (lattice-best-path[5.5.986~1-5caf25]:main():lattice-best-path.cc:99) For utterance joecel_6_7_9, best cost 456.16 + 43503.9 = 43960.1 over 430 frames.
joecel_6_7_9 an-om pitó an-om siyám siyám ap-at 
LOG (lattice-best-path[5.5.986~1-5caf25]:main():lattice-best-path.cc:99) For utterance joecel_6_8_10, best cost 328.146 + 39251.2 = 39579.4 over 411 frames.
joecel_6_8_10 an-om púeo púeo 
LOG (lattice-best-path[5.5.986~1-5caf25]:main():lattice-best-path.cc:99) For utterance joecel_8_9_10, best cost 352.274 + 43331.7 = 43683.9 over 458 frames.
joecel_8_9_10 waeo siyám siyám púeo 
LOG (lattice-best-path[5.5.986~1-5caf25]:main():lattice-best-path.cc:124) Overall cost per frame is 101.154 = 1.01158 [graph] + 100.142 [acoustic] over 6847 frames.
LOG (lattice-best-path[5.5.986~1-5caf25]:main():lattice-best-path.cc:128) Done 20 lattices, failed for 0
# Accounting: time=0 threads=1
# Ended (code 0) at Tue Mar 15 14:46:16 PST 2022, elapsed time 0 seconds
