# gunzip -c exp/tri1/decode/depth_tmp.*.gz | steps/diagnostic/analyze_lattice_depth_stats.py exp/tri1/graph exp/tri1/decode/ali_frame_tmp.gz 
# Started at Tue Mar 15 14:46:15 PST 2022
#
The total amount of data analyzed assuming 100 frames per second is 0.0 hours
Overall, lattice depth (10,50,90-percentile)=(1,4,14) and mean=5.6
Nonsilence phones as a group account for 54.0% of frames, with lattice depth (10,50,90-percentile)=(1,4,12) and mean=5.3
Phone sil accounts for 46.0% of frames, with lattice depth (10,50,90-percentile)=(1,4,15) and mean=6.0
Phone lo_E accounts for 8.2% of frames, with lattice depth (10,50,90-percentile)=(1,5,16) and mean=6.5
Phone pu_B accounts for 4.7% of frames, with lattice depth (10,50,90-percentile)=(1,5,12) and mean=5.3
Phone si_B accounts for 4.0% of frames, with lattice depth (10,50,90-percentile)=(1,2,15) and mean=5.5
Phone pat_E accounts for 3.9% of frames, with lattice depth (10,50,90-percentile)=(4,6,14) and mean=7.6
Phone anom_S accounts for 3.2% of frames, with lattice depth (10,50,90-percentile)=(3,3,19) and mean=7.3
Phone tat_B accounts for 2.5% of frames, with lattice depth (10,50,90-percentile)=(1,2,9) and mean=3.8
Phone yam_E accounts for 2.4% of frames, with lattice depth (10,50,90-percentile)=(1,4,15) and mean=4.6
Phone sa_I accounts for 2.3% of frames, with lattice depth (10,50,90-percentile)=(1,1,11) and mean=3.2
Phone d_B accounts for 2.2% of frames, with lattice depth (10,50,90-percentile)=(1,1,6) and mean=2.4
Phone ma_E accounts for 2.1% of frames, with lattice depth (10,50,90-percentile)=(1,1,3) and mean=1.9
Phone la_E accounts for 1.9% of frames, with lattice depth (10,50,90-percentile)=(1,3,11) and mean=4.2
Phone a_B accounts for 1.9% of frames, with lattice depth (10,50,90-percentile)=(1,5,15) and mean=7.1
Phone ay_I accounts for 1.9% of frames, with lattice depth (10,50,90-percentile)=(1,1,6) and mean=2.7
Phone to_E accounts for 1.7% of frames, with lattice depth (10,50,90-percentile)=(1,4,6) and mean=3.9
Phone li_B accounts for 1.6% of frames, with lattice depth (10,50,90-percentile)=(1,1,4) and mean=2.0
Phone wa_B accounts for 1.5% of frames, with lattice depth (10,50,90-percentile)=(1,1,16) and mean=5.8
Phone wa_E accounts for 1.4% of frames, with lattice depth (10,50,90-percentile)=(1,2,7) and mean=3.8
Phone om_E accounts for 1.3% of frames, with lattice depth (10,50,90-percentile)=(2,9,11) and mean=8.0
Phone an_B accounts for 0.9% of frames, with lattice depth (10,50,90-percentile)=(2,11,11) and mean=8.7
Phone am_E accounts for 0.8% of frames, with lattice depth (10,50,90-percentile)=(5,5,18) and mean=11.1
Phone at_E accounts for 0.8% of frames, with lattice depth (10,50,90-percentile)=(4,4,8) and mean=5.7
Phone pi_B accounts for 0.7% of frames, with lattice depth (10,50,90-percentile)=(1,4,6) and mean=3.8
Phone i_B accounts for 0.7% of frames, with lattice depth (10,50,90-percentile)=(1,1,3) and mean=1.6
Phone o_E accounts for 0.6% of frames, with lattice depth (10,50,90-percentile)=(2,2,8) and mean=4.2
Phone pit_B accounts for 0.6% of frames, with lattice depth (10,50,90-percentile)=(2,2,13) and mean=6.2
# Accounting: time=0 threads=1
# Ended (code 0) at Tue Mar 15 14:46:15 PST 2022, elapsed time 0 seconds
