# gmm-est --mix-up=3800 --power=0.25 --write-occs=exp/tri1/7.occs exp/tri1/6.mdl "gmm-sum-accs - exp/tri1/6.*.acc |" exp/tri1/7.mdl 
# Started at Tue Mar 15 14:51:28 PST 2022
#
gmm-est --mix-up=3800 --power=0.25 --write-occs=exp/tri1/7.occs exp/tri1/6.mdl 'gmm-sum-accs - exp/tri1/6.*.acc |' exp/tri1/7.mdl 
gmm-sum-accs - exp/tri1/6.1.acc 
LOG (gmm-sum-accs[5.5.986~1-5caf25]:main():gmm-sum-accs.cc:63) Summed 1 stats, total count 132117, avg like/frame -88.3255
LOG (gmm-sum-accs[5.5.986~1-5caf25]:main():gmm-sum-accs.cc:66) Total count of stats is 132117
LOG (gmm-sum-accs[5.5.986~1-5caf25]:main():gmm-sum-accs.cc:67) Written stats to -
LOG (gmm-est[5.5.986~1-5caf25]:MleUpdate():transition-model.cc:528) TransitionModel::Update, objf change is 0 per frame over 132117 frames. 
LOG (gmm-est[5.5.986~1-5caf25]:MleUpdate():transition-model.cc:531) 12 probabilities floored, 936 out of 1254 transition-states skipped due to insuffient data (it is normal to have some skipped.)
LOG (gmm-est[5.5.986~1-5caf25]:main():gmm-est.cc:102) Transition model update: Overall 0 log-like improvement per frame over 132117 frames.
WARNING (gmm-est[5.5.986~1-5caf25]:MleDiagGmmUpdate():mle-diag-gmm.cc:359) Too little data - removing Gaussian (weight 0.045685, occupation count 9.365481, vector size 39)
WARNING (gmm-est[5.5.986~1-5caf25]:MleDiagGmmUpdate():mle-diag-gmm.cc:359) Too little data - removing Gaussian (weight 0.039924, occupation count 8.384049, vector size 39)
WARNING (gmm-est[5.5.986~1-5caf25]:MleDiagGmmUpdate():mle-diag-gmm.cc:359) Too little data - removing Gaussian (weight 0.062216, occupation count 7.776968, vector size 39)
WARNING (gmm-est[5.5.986~1-5caf25]:MleDiagGmmUpdate():mle-diag-gmm.cc:359) Too little data - removing Gaussian (weight 0.043275, occupation count 9.996450, vector size 39)
WARNING (gmm-est[5.5.986~1-5caf25]:MleDiagGmmUpdate():mle-diag-gmm.cc:359) Too little data - removing Gaussian (weight 0.035132, occupation count 9.380156, vector size 39)
WARNING (gmm-est[5.5.986~1-5caf25]:MleDiagGmmUpdate():mle-diag-gmm.cc:359) Too little data - removing Gaussian (weight 0.036140, occupation count 9.251819, vector size 39)
WARNING (gmm-est[5.5.986~1-5caf25]:MleDiagGmmUpdate():mle-diag-gmm.cc:359) Too little data - removing Gaussian (weight 0.042601, occupation count 9.201850, vector size 39)
WARNING (gmm-est[5.5.986~1-5caf25]:MleDiagGmmUpdate():mle-diag-gmm.cc:359) Too little data - removing Gaussian (weight 0.037218, occupation count 9.043999, vector size 39)
WARNING (gmm-est[5.5.986~1-5caf25]:MleDiagGmmUpdate():mle-diag-gmm.cc:359) Too little data - removing Gaussian (weight 0.027352, occupation count 9.600526, vector size 39)
WARNING (gmm-est[5.5.986~1-5caf25]:MleDiagGmmUpdate():mle-diag-gmm.cc:359) Too little data - removing Gaussian (weight 0.015562, occupation count 5.586613, vector size 39)
WARNING (gmm-est[5.5.986~1-5caf25]:MleDiagGmmUpdate():mle-diag-gmm.cc:359) Too little data - removing Gaussian (weight 0.019129, occupation count 9.067286, vector size 39)
WARNING (gmm-est[5.5.986~1-5caf25]:MleDiagGmmUpdate():mle-diag-gmm.cc:359) Too little data - removing Gaussian (weight 0.035423, occupation count 9.918464, vector size 39)
WARNING (gmm-est[5.5.986~1-5caf25]:MleDiagGmmUpdate():mle-diag-gmm.cc:359) Too little data - removing Gaussian (weight 0.032216, occupation count 9.020426, vector size 39)
WARNING (gmm-est[5.5.986~1-5caf25]:MleDiagGmmUpdate():mle-diag-gmm.cc:359) Too little data - removing Gaussian (weight 0.023084, occupation count 8.795041, vector size 39)
WARNING (gmm-est[5.5.986~1-5caf25]:MleDiagGmmUpdate():mle-diag-gmm.cc:365) Gaussian has too little data but not removing it because it is the last Gaussian: i = 0, occ = 6, weight = 1
WARNING (gmm-est[5.5.986~1-5caf25]:MleDiagGmmUpdate():mle-diag-gmm.cc:359) Too little data - removing Gaussian (weight 0.035330, occupation count 9.998463, vector size 39)
WARNING (gmm-est[5.5.986~1-5caf25]:MleDiagGmmUpdate():mle-diag-gmm.cc:359) Too little data - removing Gaussian (weight 0.058852, occupation count 4.001966, vector size 39)
WARNING (gmm-est[5.5.986~1-5caf25]:MleDiagGmmUpdate():mle-diag-gmm.cc:359) Too little data - removing Gaussian (weight 0.016691, occupation count 8.495861, vector size 39)
WARNING (gmm-est[5.5.986~1-5caf25]:MleDiagGmmUpdate():mle-diag-gmm.cc:359) Too little data - removing Gaussian (weight 0.030081, occupation count 9.685996, vector size 39)
WARNING (gmm-est[5.5.986~1-5caf25]:MleDiagGmmUpdate():mle-diag-gmm.cc:359) Too little data - removing Gaussian (weight 0.085906, occupation count 9.965135, vector size 39)
WARNING (gmm-est[5.5.986~1-5caf25]:MleDiagGmmUpdate():mle-diag-gmm.cc:359) Too little data - removing Gaussian (weight 0.034846, occupation count 8.328234, vector size 39)
LOG (gmm-est[5.5.986~1-5caf25]:MleAmDiagGmmUpdate():mle-am-diag-gmm.cc:225) 0 variance elements floored in 0 Gaussians, out of 3420
LOG (gmm-est[5.5.986~1-5caf25]:MleAmDiagGmmUpdate():mle-am-diag-gmm.cc:229) Removed 20 Gaussians due to counts < --min-gaussian-occupancy=10 and --remove-low-count-gaussians=true
LOG (gmm-est[5.5.986~1-5caf25]:main():gmm-est.cc:113) GMM update: Overall 0.47643 objective function improvement per frame over 132117 frames
LOG (gmm-est[5.5.986~1-5caf25]:main():gmm-est.cc:116) GMM update: Overall avg like per frame = -88.3255 over 132117 frames.
LOG (gmm-est[5.5.986~1-5caf25]:SplitByCount():am-diag-gmm.cc:116) Split 288 states with target = 3800, power = 0.25, perturb_factor = 0.01 and min_count = 20, split #Gauss from 3420 to 3800
LOG (gmm-est[5.5.986~1-5caf25]:main():gmm-est.cc:146) Written model to exp/tri1/7.mdl
# Accounting: time=0 threads=1
# Ended (code 0) at Tue Mar 15 14:51:28 PST 2022, elapsed time 0 seconds
