# gmm-est --mix-up=3440 --power=0.25 --write-occs=exp/tri1/6.occs exp/tri1/5.mdl "gmm-sum-accs - exp/tri1/5.*.acc |" exp/tri1/6.mdl 
# Started at Tue Mar 15 14:51:27 PST 2022
#
gmm-est --mix-up=3440 --power=0.25 --write-occs=exp/tri1/6.occs exp/tri1/5.mdl 'gmm-sum-accs - exp/tri1/5.*.acc |' exp/tri1/6.mdl 
gmm-sum-accs - exp/tri1/5.1.acc 
LOG (gmm-sum-accs[5.5.986~1-5caf25]:main():gmm-sum-accs.cc:63) Summed 1 stats, total count 132117, avg like/frame -89.277
LOG (gmm-sum-accs[5.5.986~1-5caf25]:main():gmm-sum-accs.cc:66) Total count of stats is 132117
LOG (gmm-sum-accs[5.5.986~1-5caf25]:main():gmm-sum-accs.cc:67) Written stats to -
LOG (gmm-est[5.5.986~1-5caf25]:MleUpdate():transition-model.cc:528) TransitionModel::Update, objf change is 0 per frame over 132117 frames. 
LOG (gmm-est[5.5.986~1-5caf25]:MleUpdate():transition-model.cc:531) 12 probabilities floored, 936 out of 1254 transition-states skipped due to insuffient data (it is normal to have some skipped.)
LOG (gmm-est[5.5.986~1-5caf25]:main():gmm-est.cc:102) Transition model update: Overall 0 log-like improvement per frame over 132117 frames.
WARNING (gmm-est[5.5.986~1-5caf25]:MleDiagGmmUpdate():mle-diag-gmm.cc:359) Too little data - removing Gaussian (weight 0.036848, occupation count 7.553918, vector size 39)
WARNING (gmm-est[5.5.986~1-5caf25]:MleDiagGmmUpdate():mle-diag-gmm.cc:359) Too little data - removing Gaussian (weight 0.038525, occupation count 9.284595, vector size 39)
WARNING (gmm-est[5.5.986~1-5caf25]:MleDiagGmmUpdate():mle-diag-gmm.cc:359) Too little data - removing Gaussian (weight 0.058481, occupation count 9.883275, vector size 39)
WARNING (gmm-est[5.5.986~1-5caf25]:MleDiagGmmUpdate():mle-diag-gmm.cc:359) Too little data - removing Gaussian (weight 0.034605, occupation count 8.062961, vector size 39)
WARNING (gmm-est[5.5.986~1-5caf25]:MleDiagGmmUpdate():mle-diag-gmm.cc:359) Too little data - removing Gaussian (weight 0.029987, occupation count 9.296121, vector size 39)
WARNING (gmm-est[5.5.986~1-5caf25]:MleDiagGmmUpdate():mle-diag-gmm.cc:359) Too little data - removing Gaussian (weight 0.092402, occupation count 8.131382, vector size 39)
WARNING (gmm-est[5.5.986~1-5caf25]:MleDiagGmmUpdate():mle-diag-gmm.cc:359) Too little data - removing Gaussian (weight 0.020980, occupation count 7.552630, vector size 39)
WARNING (gmm-est[5.5.986~1-5caf25]:MleDiagGmmUpdate():mle-diag-gmm.cc:359) Too little data - removing Gaussian (weight 0.032884, occupation count 7.333091, vector size 39)
WARNING (gmm-est[5.5.986~1-5caf25]:MleDiagGmmUpdate():mle-diag-gmm.cc:359) Too little data - removing Gaussian (weight 0.021612, occupation count 7.499441, vector size 39)
WARNING (gmm-est[5.5.986~1-5caf25]:MleDiagGmmUpdate():mle-diag-gmm.cc:359) Too little data - removing Gaussian (weight 0.023413, occupation count 8.124164, vector size 39)
WARNING (gmm-est[5.5.986~1-5caf25]:MleDiagGmmUpdate():mle-diag-gmm.cc:359) Too little data - removing Gaussian (weight 0.071269, occupation count 9.407446, vector size 39)
WARNING (gmm-est[5.5.986~1-5caf25]:MleDiagGmmUpdate():mle-diag-gmm.cc:359) Too little data - removing Gaussian (weight 0.027465, occupation count 7.854924, vector size 39)
WARNING (gmm-est[5.5.986~1-5caf25]:MleDiagGmmUpdate():mle-diag-gmm.cc:359) Too little data - removing Gaussian (weight 0.033416, occupation count 9.557067, vector size 39)
WARNING (gmm-est[5.5.986~1-5caf25]:MleDiagGmmUpdate():mle-diag-gmm.cc:359) Too little data - removing Gaussian (weight 0.030227, occupation count 6.529098, vector size 39)
WARNING (gmm-est[5.5.986~1-5caf25]:MleDiagGmmUpdate():mle-diag-gmm.cc:359) Too little data - removing Gaussian (weight 0.023047, occupation count 8.550507, vector size 39)
WARNING (gmm-est[5.5.986~1-5caf25]:MleDiagGmmUpdate():mle-diag-gmm.cc:359) Too little data - removing Gaussian (weight 0.024141, occupation count 8.956153, vector size 39)
WARNING (gmm-est[5.5.986~1-5caf25]:MleDiagGmmUpdate():mle-diag-gmm.cc:359) Too little data - removing Gaussian (weight 0.030882, occupation count 9.758775, vector size 39)
WARNING (gmm-est[5.5.986~1-5caf25]:MleDiagGmmUpdate():mle-diag-gmm.cc:359) Too little data - removing Gaussian (weight 0.033495, occupation count 8.139406, vector size 39)
WARNING (gmm-est[5.5.986~1-5caf25]:MleDiagGmmUpdate():mle-diag-gmm.cc:359) Too little data - removing Gaussian (weight 0.012785, occupation count 3.924907, vector size 39)
WARNING (gmm-est[5.5.986~1-5caf25]:MleDiagGmmUpdate():mle-diag-gmm.cc:359) Too little data - removing Gaussian (weight 0.025386, occupation count 8.961336, vector size 39)
WARNING (gmm-est[5.5.986~1-5caf25]:MleDiagGmmUpdate():mle-diag-gmm.cc:359) Too little data - removing Gaussian (weight 0.032808, occupation count 9.973534, vector size 39)
WARNING (gmm-est[5.5.986~1-5caf25]:MleDiagGmmUpdate():mle-diag-gmm.cc:365) Gaussian has too little data but not removing it because it is the last Gaussian: i = 0, occ = 6, weight = 1
WARNING (gmm-est[5.5.986~1-5caf25]:MleDiagGmmUpdate():mle-diag-gmm.cc:359) Too little data - removing Gaussian (weight 0.039415, occupation count 9.144200, vector size 39)
WARNING (gmm-est[5.5.986~1-5caf25]:MleDiagGmmUpdate():mle-diag-gmm.cc:359) Too little data - removing Gaussian (weight 0.019815, occupation count 9.728988, vector size 39)
WARNING (gmm-est[5.5.986~1-5caf25]:MleDiagGmmUpdate():mle-diag-gmm.cc:359) Too little data - removing Gaussian (weight 0.016251, occupation count 9.181581, vector size 39)
WARNING (gmm-est[5.5.986~1-5caf25]:MleDiagGmmUpdate():mle-diag-gmm.cc:359) Too little data - removing Gaussian (weight 0.020642, occupation count 8.112409, vector size 39)
WARNING (gmm-est[5.5.986~1-5caf25]:MleDiagGmmUpdate():mle-diag-gmm.cc:359) Too little data - removing Gaussian (weight 0.023740, occupation count 9.329806, vector size 39)
WARNING (gmm-est[5.5.986~1-5caf25]:MleDiagGmmUpdate():mle-diag-gmm.cc:359) Too little data - removing Gaussian (weight 0.029641, occupation count 9.929643, vector size 39)
LOG (gmm-est[5.5.986~1-5caf25]:MleAmDiagGmmUpdate():mle-am-diag-gmm.cc:225) 0 variance elements floored in 0 Gaussians, out of 3053
LOG (gmm-est[5.5.986~1-5caf25]:MleAmDiagGmmUpdate():mle-am-diag-gmm.cc:229) Removed 27 Gaussians due to counts < --min-gaussian-occupancy=10 and --remove-low-count-gaussians=true
LOG (gmm-est[5.5.986~1-5caf25]:main():gmm-est.cc:113) GMM update: Overall 0.594353 objective function improvement per frame over 132117 frames
LOG (gmm-est[5.5.986~1-5caf25]:main():gmm-est.cc:116) GMM update: Overall avg like per frame = -89.277 over 132117 frames.
LOG (gmm-est[5.5.986~1-5caf25]:SplitByCount():am-diag-gmm.cc:116) Split 288 states with target = 3440, power = 0.25, perturb_factor = 0.01 and min_count = 20, split #Gauss from 3053 to 3440
LOG (gmm-est[5.5.986~1-5caf25]:main():gmm-est.cc:146) Written model to exp/tri1/6.mdl
# Accounting: time=0 threads=1
# Ended (code 0) at Tue Mar 15 14:51:27 PST 2022, elapsed time 0 seconds
