# lattice-best-path --lm-scale=12 --word-symbol-table=exp/mono/graph/words.txt "ark:gunzip -c exp/mono/decode/lat.*.gz|" ark,t:exp/mono/decode/scoring/12.tra 
# Started at Tue Mar 15 14:45:36 PST 2022
#
lattice-best-path --lm-scale=12 --word-symbol-table=exp/mono/graph/words.txt 'ark:gunzip -c exp/mono/decode/lat.*.gz|' ark,t:exp/mono/decode/scoring/12.tra 
LOG (lattice-best-path[5.5.986~1-5caf25]:main():lattice-best-path.cc:99) For utterance jesusa_10_1_2, best cost 298.254 + 26818.2 = 27116.4 over 265 frames.
jesusa_10_1_2 púeo isaea daywa 
LOG (lattice-best-path[5.5.986~1-5caf25]:main():lattice-best-path.cc:99) For utterance jesusa_10_4_7, best cost 413.813 + 23436.8 = 23850.7 over 224 frames.
jesusa_10_4_7 púeo ap-at ap-at pitó púeo 
LOG (lattice-best-path[5.5.986~1-5caf25]:main():lattice-best-path.cc:99) For utterance jesusa_1_2_3, best cost 299.45 + 27427.4 = 27726.9 over 267 frames.
jesusa_1_2_3 isaea daywa tatlo 
LOG (lattice-best-path[5.5.986~1-5caf25]:main():lattice-best-path.cc:99) For utterance jesusa_1_3_2, best cost 353.823 + 27361.8 = 27715.7 over 262 frames.
jesusa_1_3_2 isaea ap-at tatlo daywa 
LOG (lattice-best-path[5.5.986~1-5caf25]:main():lattice-best-path.cc:99) For utterance jesusa_1_5_6, best cost 322.927 + 26384.6 = 26707.5 over 247 frames.
jesusa_1_5_6 isaea ap-at li-má an-om 
LOG (lattice-best-path[5.5.986~1-5caf25]:main():lattice-best-path.cc:99) For utterance jesusa_4_4_2, best cost 414.859 + 26732.8 = 27147.7 over 254 frames.
jesusa_4_4_2 ap-at ap-at ap-at ap-at daywa 
LOG (lattice-best-path[5.5.986~1-5caf25]:main():lattice-best-path.cc:99) For utterance jesusa_4_5_6, best cost 454.315 + 25999.2 = 26453.5 over 258 frames.
jesusa_4_5_6 ap-at ap-at li-má an-om púeo an-om 
LOG (lattice-best-path[5.5.986~1-5caf25]:main():lattice-best-path.cc:99) For utterance jesusa_7_7_7, best cost 407.159 + 20940.6 = 21347.8 over 204 frames.
jesusa_7_7_7 pitó púeo pitó púeo pitó púeo 
LOG (lattice-best-path[5.5.986~1-5caf25]:main():lattice-best-path.cc:99) For utterance jesusa_7_8_9, best cost 337.621 + 25047.9 = 25385.5 over 247 frames.
jesusa_7_8_9 pitó púeo waeo siyám 
LOG (lattice-best-path[5.5.986~1-5caf25]:main():lattice-best-path.cc:99) For utterance jesusa_8_10_9, best cost 276.64 + 23793.5 = 24070.1 over 226 frames.
jesusa_8_10_9 waeo púeo siyám 
LOG (lattice-best-path[5.5.986~1-5caf25]:main():lattice-best-path.cc:99) For utterance joecel_1_4_8, best cost 510.403 + 43748.8 = 44259.2 over 442 frames.
joecel_1_4_8 isaea ap-at ap-at ap-at waeo 
LOG (lattice-best-path[5.5.986~1-5caf25]:main():lattice-best-path.cc:99) For utterance joecel_1_8_10, best cost 463.92 + 39900.7 = 40364.6 over 407 frames.
joecel_1_8_10 isaea ap-at waeo siyám púeo 
LOG (lattice-best-path[5.5.986~1-5caf25]:main():lattice-best-path.cc:99) For utterance joecel_2_3_9, best cost 469.502 + 41381.5 = 41851 over 432 frames.
joecel_2_3_9 daywa ap-at tatlo siyám 
LOG (lattice-best-path[5.5.986~1-5caf25]:main():lattice-best-path.cc:99) For utterance joecel_2_4_9, best cost 502.628 + 48675.9 = 49178.6 over 502 frames.
joecel_2_4_9 daywa siyám ap-at siyám siyám 
LOG (lattice-best-path[5.5.986~1-5caf25]:main():lattice-best-path.cc:99) For utterance joecel_3_5_9, best cost 506.461 + 41491.8 = 41998.3 over 437 frames.
joecel_3_5_9 tatlo li-má ap-at siyám siyám 
LOG (lattice-best-path[5.5.986~1-5caf25]:main():lattice-best-path.cc:99) For utterance joecel_3_7_8, best cost 561.013 + 48280.3 = 48841.3 over 502 frames.
joecel_3_7_8 an-om pitó púeo tatlo siyám 
LOG (lattice-best-path[5.5.986~1-5caf25]:main():lattice-best-path.cc:99) For utterance joecel_5_6_9, best cost 537.612 + 37238.4 = 37776 over 372 frames.
joecel_5_6_9 li-má ap-at an-om an-om siyám siyám 
LOG (lattice-best-path[5.5.986~1-5caf25]:main():lattice-best-path.cc:99) For utterance joecel_6_7_9, best cost 566.783 + 43163.1 = 43729.9 over 430 frames.
joecel_6_7_9 an-om pitó púeo siyám siyám siyám 
LOG (lattice-best-path[5.5.986~1-5caf25]:main():lattice-best-path.cc:99) For utterance joecel_6_8_10, best cost 488.315 + 38829.5 = 39317.8 over 411 frames.
joecel_6_8_10 an-om an-om waeo púeo 
LOG (lattice-best-path[5.5.986~1-5caf25]:main():lattice-best-path.cc:99) For utterance joecel_8_9_10, best cost 427.739 + 42729.7 = 43157.4 over 458 frames.
joecel_8_9_10 waeo siyám siyám púeo 
LOG (lattice-best-path[5.5.986~1-5caf25]:main():lattice-best-path.cc:124) Overall cost per frame is 100.481 = 1.25796 [graph] + 99.2234 [acoustic] over 6847 frames.
LOG (lattice-best-path[5.5.986~1-5caf25]:main():lattice-best-path.cc:128) Done 20 lattices, failed for 0
# Accounting: time=0 threads=1
# Ended (code 0) at Tue Mar 15 14:45:36 PST 2022, elapsed time 0 seconds
