# lattice-best-path --lm-scale=11 --word-symbol-table=exp/mono/graph/words.txt "ark:gunzip -c exp/mono/decode/lat.*.gz|" ark,t:exp/mono/decode/scoring/11.tra 
# Started at Tue Mar 15 14:45:36 PST 2022
#
lattice-best-path --lm-scale=11 --word-symbol-table=exp/mono/graph/words.txt 'ark:gunzip -c exp/mono/decode/lat.*.gz|' ark,t:exp/mono/decode/scoring/11.tra 
LOG (lattice-best-path[5.5.986~1-5caf25]:main():lattice-best-path.cc:99) For utterance jesusa_10_1_2, best cost 273.399 + 26818.2 = 27091.6 over 265 frames.
jesusa_10_1_2 púeo isaea daywa 
LOG (lattice-best-path[5.5.986~1-5caf25]:main():lattice-best-path.cc:99) For utterance jesusa_10_4_7, best cost 379.329 + 23436.8 = 23816.2 over 224 frames.
jesusa_10_4_7 púeo ap-at ap-at pitó púeo 
LOG (lattice-best-path[5.5.986~1-5caf25]:main():lattice-best-path.cc:99) For utterance jesusa_1_2_3, best cost 274.496 + 27427.4 = 27701.9 over 267 frames.
jesusa_1_2_3 isaea daywa tatlo 
LOG (lattice-best-path[5.5.986~1-5caf25]:main():lattice-best-path.cc:99) For utterance jesusa_1_3_2, best cost 324.338 + 27361.8 = 27686.2 over 262 frames.
jesusa_1_3_2 isaea ap-at tatlo daywa 
LOG (lattice-best-path[5.5.986~1-5caf25]:main():lattice-best-path.cc:99) For utterance jesusa_1_5_6, best cost 296.017 + 26384.6 = 26680.6 over 247 frames.
jesusa_1_5_6 isaea ap-at li-má an-om 
LOG (lattice-best-path[5.5.986~1-5caf25]:main():lattice-best-path.cc:99) For utterance jesusa_4_4_2, best cost 380.287 + 26732.8 = 27113.1 over 254 frames.
jesusa_4_4_2 ap-at ap-at ap-at ap-at daywa 
LOG (lattice-best-path[5.5.986~1-5caf25]:main():lattice-best-path.cc:99) For utterance jesusa_4_5_6, best cost 416.455 + 25999.2 = 26415.6 over 258 frames.
jesusa_4_5_6 ap-at ap-at li-má an-om púeo an-om 
LOG (lattice-best-path[5.5.986~1-5caf25]:main():lattice-best-path.cc:99) For utterance jesusa_7_7_7, best cost 373.229 + 20940.6 = 21313.8 over 204 frames.
jesusa_7_7_7 pitó púeo pitó púeo pitó púeo 
LOG (lattice-best-path[5.5.986~1-5caf25]:main():lattice-best-path.cc:99) For utterance jesusa_7_8_9, best cost 309.486 + 25047.9 = 25357.4 over 247 frames.
jesusa_7_8_9 pitó púeo waeo siyám 
LOG (lattice-best-path[5.5.986~1-5caf25]:main():lattice-best-path.cc:99) For utterance jesusa_8_10_9, best cost 253.586 + 23793.5 = 24047.1 over 226 frames.
jesusa_8_10_9 waeo púeo siyám 
LOG (lattice-best-path[5.5.986~1-5caf25]:main():lattice-best-path.cc:99) For utterance joecel_1_4_8, best cost 467.869 + 43748.8 = 44216.6 over 442 frames.
joecel_1_4_8 isaea ap-at ap-at ap-at waeo 
LOG (lattice-best-path[5.5.986~1-5caf25]:main():lattice-best-path.cc:99) For utterance joecel_1_8_10, best cost 425.26 + 39900.7 = 40325.9 over 407 frames.
joecel_1_8_10 isaea ap-at waeo siyám púeo 
LOG (lattice-best-path[5.5.986~1-5caf25]:main():lattice-best-path.cc:99) For utterance joecel_2_3_9, best cost 430.377 + 41381.5 = 41811.8 over 432 frames.
joecel_2_3_9 daywa ap-at tatlo siyám 
LOG (lattice-best-path[5.5.986~1-5caf25]:main():lattice-best-path.cc:99) For utterance joecel_2_4_9, best cost 460.743 + 48675.9 = 49136.7 over 502 frames.
joecel_2_4_9 daywa siyám ap-at siyám siyám 
LOG (lattice-best-path[5.5.986~1-5caf25]:main():lattice-best-path.cc:99) For utterance joecel_3_5_9, best cost 464.256 + 41491.8 = 41956.1 over 437 frames.
joecel_3_5_9 tatlo li-má ap-at siyám siyám 
LOG (lattice-best-path[5.5.986~1-5caf25]:main():lattice-best-path.cc:99) For utterance joecel_3_7_8, best cost 514.262 + 48280.3 = 48794.6 over 502 frames.
joecel_3_7_8 an-om pitó púeo tatlo siyám 
LOG (lattice-best-path[5.5.986~1-5caf25]:main():lattice-best-path.cc:99) For utterance joecel_5_6_9, best cost 492.811 + 37238.4 = 37731.2 over 372 frames.
joecel_5_6_9 li-má ap-at an-om an-om siyám siyám 
LOG (lattice-best-path[5.5.986~1-5caf25]:main():lattice-best-path.cc:99) For utterance joecel_6_7_9, best cost 519.551 + 43163.1 = 43682.7 over 430 frames.
joecel_6_7_9 an-om pitó púeo siyám siyám siyám 
LOG (lattice-best-path[5.5.986~1-5caf25]:main():lattice-best-path.cc:99) For utterance joecel_6_8_10, best cost 447.622 + 38829.5 = 39277.1 over 411 frames.
joecel_6_8_10 an-om an-om waeo púeo 
LOG (lattice-best-path[5.5.986~1-5caf25]:main():lattice-best-path.cc:99) For utterance joecel_8_9_10, best cost 392.094 + 42729.7 = 43121.8 over 458 frames.
joecel_8_9_10 waeo siyám siyám púeo 
LOG (lattice-best-path[5.5.986~1-5caf25]:main():lattice-best-path.cc:124) Overall cost per frame is 100.377 = 1.15313 [graph] + 99.2234 [acoustic] over 6847 frames.
LOG (lattice-best-path[5.5.986~1-5caf25]:main():lattice-best-path.cc:128) Done 20 lattices, failed for 0
# Accounting: time=0 threads=1
# Ended (code 0) at Tue Mar 15 14:45:36 PST 2022, elapsed time 0 seconds
