# lattice-best-path --lm-scale=16 --word-symbol-table=exp/mono/graph/words.txt "ark:gunzip -c exp/mono/decode/lat.*.gz|" ark,t:exp/mono/decode/scoring/16.tra 
# Started at Tue Mar 15 14:45:36 PST 2022
#
lattice-best-path --lm-scale=16 --word-symbol-table=exp/mono/graph/words.txt 'ark:gunzip -c exp/mono/decode/lat.*.gz|' ark,t:exp/mono/decode/scoring/16.tra 
LOG (lattice-best-path[5.5.986~1-5caf25]:main():lattice-best-path.cc:99) For utterance jesusa_10_1_2, best cost 397.672 + 26818.2 = 27215.8 over 265 frames.
jesusa_10_1_2 púeo isaea daywa 
LOG (lattice-best-path[5.5.986~1-5caf25]:main():lattice-best-path.cc:99) For utterance jesusa_10_4_7, best cost 448.661 + 23523.6 = 23972.2 over 224 frames.
jesusa_10_4_7 púeo ap-at pitó púeo 
LOG (lattice-best-path[5.5.986~1-5caf25]:main():lattice-best-path.cc:99) For utterance jesusa_1_2_3, best cost 399.266 + 27427.4 = 27826.7 over 267 frames.
jesusa_1_2_3 isaea daywa tatlo 
LOG (lattice-best-path[5.5.986~1-5caf25]:main():lattice-best-path.cc:99) For utterance jesusa_1_3_2, best cost 471.764 + 27361.8 = 27833.6 over 262 frames.
jesusa_1_3_2 isaea ap-at tatlo daywa 
LOG (lattice-best-path[5.5.986~1-5caf25]:main():lattice-best-path.cc:99) For utterance jesusa_1_5_6, best cost 430.57 + 26384.6 = 26815.1 over 247 frames.
jesusa_1_5_6 isaea ap-at li-má an-om 
LOG (lattice-best-path[5.5.986~1-5caf25]:main():lattice-best-path.cc:99) For utterance jesusa_4_4_2, best cost 553.145 + 26732.8 = 27286 over 254 frames.
jesusa_4_4_2 ap-at ap-at ap-at ap-at daywa 
LOG (lattice-best-path[5.5.986~1-5caf25]:main():lattice-best-path.cc:99) For utterance jesusa_4_5_6, best cost 368.359 + 26195.5 = 26563.9 over 258 frames.
jesusa_4_5_6 ap-at li-má an-om 
LOG (lattice-best-path[5.5.986~1-5caf25]:main():lattice-best-path.cc:99) For utterance jesusa_7_7_7, best cost 542.879 + 20940.6 = 21483.5 over 204 frames.
jesusa_7_7_7 pitó púeo pitó púeo pitó púeo 
LOG (lattice-best-path[5.5.986~1-5caf25]:main():lattice-best-path.cc:99) For utterance jesusa_7_8_9, best cost 450.161 + 25047.9 = 25498.1 over 247 frames.
jesusa_7_8_9 pitó púeo waeo siyám 
LOG (lattice-best-path[5.5.986~1-5caf25]:main():lattice-best-path.cc:99) For utterance jesusa_8_10_9, best cost 368.853 + 23793.5 = 24162.3 over 226 frames.
jesusa_8_10_9 waeo púeo siyám 
LOG (lattice-best-path[5.5.986~1-5caf25]:main():lattice-best-path.cc:99) For utterance joecel_1_4_8, best cost 680.537 + 43748.8 = 44429.3 over 442 frames.
joecel_1_4_8 isaea ap-at ap-at ap-at waeo 
LOG (lattice-best-path[5.5.986~1-5caf25]:main():lattice-best-path.cc:99) For utterance joecel_1_8_10, best cost 547.364 + 39959 = 40506.4 over 407 frames.
joecel_1_8_10 isaea ap-at waeo púeo 
LOG (lattice-best-path[5.5.986~1-5caf25]:main():lattice-best-path.cc:99) For utterance joecel_2_3_9, best cost 626.003 + 41381.5 = 42007.5 over 432 frames.
joecel_2_3_9 daywa ap-at tatlo siyám 
LOG (lattice-best-path[5.5.986~1-5caf25]:main():lattice-best-path.cc:99) For utterance joecel_2_4_9, best cost 670.171 + 48675.9 = 49346.1 over 502 frames.
joecel_2_4_9 daywa siyám ap-at siyám siyám 
LOG (lattice-best-path[5.5.986~1-5caf25]:main():lattice-best-path.cc:99) For utterance joecel_3_5_9, best cost 675.282 + 41491.8 = 42167.1 over 437 frames.
joecel_3_5_9 tatlo li-má ap-at siyám siyám 
LOG (lattice-best-path[5.5.986~1-5caf25]:main():lattice-best-path.cc:99) For utterance joecel_3_7_8, best cost 748.018 + 48280.3 = 49028.3 over 502 frames.
joecel_3_7_8 an-om pitó púeo tatlo siyám 
LOG (lattice-best-path[5.5.986~1-5caf25]:main():lattice-best-path.cc:99) For utterance joecel_5_6_9, best cost 624.469 + 37315.1 = 37939.5 over 372 frames.
joecel_5_6_9 li-má ap-at an-om an-om siyám 
LOG (lattice-best-path[5.5.986~1-5caf25]:main():lattice-best-path.cc:99) For utterance joecel_6_7_9, best cost 666.206 + 43245.2 = 43911.4 over 430 frames.
joecel_6_7_9 an-om pitó púeo siyám siyám 
LOG (lattice-best-path[5.5.986~1-5caf25]:main():lattice-best-path.cc:99) For utterance joecel_6_8_10, best cost 651.086 + 38829.5 = 39480.6 over 411 frames.
joecel_6_8_10 an-om an-om waeo púeo 
LOG (lattice-best-path[5.5.986~1-5caf25]:main():lattice-best-path.cc:99) For utterance joecel_8_9_10, best cost 570.318 + 42729.7 = 43300 over 458 frames.
joecel_8_9_10 waeo siyám siyám púeo 
LOG (lattice-best-path[5.5.986~1-5caf25]:main():lattice-best-path.cc:124) Overall cost per frame is 100.887 = 1.59059 [graph] + 99.2964 [acoustic] over 6847 frames.
LOG (lattice-best-path[5.5.986~1-5caf25]:main():lattice-best-path.cc:128) Done 20 lattices, failed for 0
# Accounting: time=0 threads=1
# Ended (code 0) at Tue Mar 15 14:45:36 PST 2022, elapsed time 0 seconds
