# lattice-best-path --lm-scale=9 --word-symbol-table=exp/mono/graph/words.txt "ark:gunzip -c exp/mono/decode/lat.*.gz|" ark,t:exp/mono/decode/scoring/9.tra 
# Started at Tue Mar 15 14:45:36 PST 2022
#
lattice-best-path --lm-scale=9 --word-symbol-table=exp/mono/graph/words.txt 'ark:gunzip -c exp/mono/decode/lat.*.gz|' ark,t:exp/mono/decode/scoring/9.tra 
LOG (lattice-best-path[5.5.986~1-5caf25]:main():lattice-best-path.cc:99) For utterance jesusa_10_1_2, best cost 223.69 + 26818.2 = 27041.8 over 265 frames.
jesusa_10_1_2 púeo isaea daywa 
LOG (lattice-best-path[5.5.986~1-5caf25]:main():lattice-best-path.cc:99) For utterance jesusa_10_4_7, best cost 310.36 + 23436.8 = 23747.2 over 224 frames.
jesusa_10_4_7 púeo ap-at ap-at pitó púeo 
LOG (lattice-best-path[5.5.986~1-5caf25]:main():lattice-best-path.cc:99) For utterance jesusa_1_2_3, best cost 265.21 + 27382.2 = 27647.4 over 267 frames.
jesusa_1_2_3 isaea ap-at daywa tatlo 
LOG (lattice-best-path[5.5.986~1-5caf25]:main():lattice-best-path.cc:99) For utterance jesusa_1_3_2, best cost 265.367 + 27361.8 = 27627.2 over 262 frames.
jesusa_1_3_2 isaea ap-at tatlo daywa 
LOG (lattice-best-path[5.5.986~1-5caf25]:main():lattice-best-path.cc:99) For utterance jesusa_1_5_6, best cost 271.305 + 26353.7 = 26625 over 247 frames.
jesusa_1_5_6 isaea ap-at li-má an-om siyám 
LOG (lattice-best-path[5.5.986~1-5caf25]:main():lattice-best-path.cc:99) For utterance jesusa_4_4_2, best cost 311.144 + 26732.8 = 27044 over 254 frames.
jesusa_4_4_2 ap-at ap-at ap-at ap-at daywa 
LOG (lattice-best-path[5.5.986~1-5caf25]:main():lattice-best-path.cc:99) For utterance jesusa_4_5_6, best cost 340.736 + 25999.2 = 26339.9 over 258 frames.
jesusa_4_5_6 ap-at ap-at li-má an-om púeo an-om 
LOG (lattice-best-path[5.5.986~1-5caf25]:main():lattice-best-path.cc:99) For utterance jesusa_7_7_7, best cost 305.369 + 20940.6 = 21246 over 204 frames.
jesusa_7_7_7 pitó púeo pitó púeo pitó púeo 
LOG (lattice-best-path[5.5.986~1-5caf25]:main():lattice-best-path.cc:99) For utterance jesusa_7_8_9, best cost 253.216 + 25047.9 = 25301.1 over 247 frames.
jesusa_7_8_9 pitó púeo waeo siyám 
LOG (lattice-best-path[5.5.986~1-5caf25]:main():lattice-best-path.cc:99) For utterance jesusa_8_10_9, best cost 207.48 + 23793.5 = 24001 over 226 frames.
jesusa_8_10_9 waeo púeo siyám 
LOG (lattice-best-path[5.5.986~1-5caf25]:main():lattice-best-path.cc:99) For utterance joecel_1_4_8, best cost 422.103 + 43705.3 = 44127.4 over 442 frames.
joecel_1_4_8 isaea ap-at ap-at ap-at waeo an-om 
LOG (lattice-best-path[5.5.986~1-5caf25]:main():lattice-best-path.cc:99) For utterance joecel_1_8_10, best cost 347.94 + 39900.7 = 40248.6 over 407 frames.
joecel_1_8_10 isaea ap-at waeo siyám púeo 
LOG (lattice-best-path[5.5.986~1-5caf25]:main():lattice-best-path.cc:99) For utterance joecel_2_3_9, best cost 352.127 + 41381.5 = 41733.6 over 432 frames.
joecel_2_3_9 daywa ap-at tatlo siyám 
LOG (lattice-best-path[5.5.986~1-5caf25]:main():lattice-best-path.cc:99) For utterance joecel_2_4_9, best cost 376.971 + 48675.9 = 49052.9 over 502 frames.
joecel_2_4_9 daywa siyám ap-at siyám siyám 
LOG (lattice-best-path[5.5.986~1-5caf25]:main():lattice-best-path.cc:99) For utterance joecel_3_5_9, best cost 379.846 + 41491.8 = 41871.7 over 437 frames.
joecel_3_5_9 tatlo li-má ap-at siyám siyám 
LOG (lattice-best-path[5.5.986~1-5caf25]:main():lattice-best-path.cc:99) For utterance joecel_3_7_8, best cost 420.76 + 48280.3 = 48701.1 over 502 frames.
joecel_3_7_8 an-om pitó púeo tatlo siyám 
LOG (lattice-best-path[5.5.986~1-5caf25]:main():lattice-best-path.cc:99) For utterance joecel_5_6_9, best cost 403.209 + 37238.4 = 37641.6 over 372 frames.
joecel_5_6_9 li-má ap-at an-om an-om siyám siyám 
LOG (lattice-best-path[5.5.986~1-5caf25]:main():lattice-best-path.cc:99) For utterance joecel_6_7_9, best cost 425.087 + 43163.1 = 43588.2 over 430 frames.
joecel_6_7_9 an-om pitó púeo siyám siyám siyám 
LOG (lattice-best-path[5.5.986~1-5caf25]:main():lattice-best-path.cc:99) For utterance joecel_6_8_10, best cost 366.236 + 38829.5 = 39195.7 over 411 frames.
joecel_6_8_10 an-om an-om waeo púeo 
LOG (lattice-best-path[5.5.986~1-5caf25]:main():lattice-best-path.cc:99) For utterance joecel_8_9_10, best cost 320.804 + 42729.7 = 43050.5 over 458 frames.
joecel_8_9_10 waeo siyám siyám púeo 
LOG (lattice-best-path[5.5.986~1-5caf25]:main():lattice-best-path.cc:124) Overall cost per frame is 100.165 = 0.959393 [graph] + 99.2059 [acoustic] over 6847 frames.
LOG (lattice-best-path[5.5.986~1-5caf25]:main():lattice-best-path.cc:128) Done 20 lattices, failed for 0
# Accounting: time=0 threads=1
# Ended (code 0) at Tue Mar 15 14:45:36 PST 2022, elapsed time 0 seconds
