# align-equal-compiled "ark:gunzip -c exp/mono/fsts.1.gz|" "ark,s,cs:apply-cmvn  --utt2spk=ark:data/train/split1/1/utt2spk scp:data/train/split1/1/cmvn.scp scp:data/train/split1/1/feats.scp ark:- | add-deltas  ark:- ark:- |" ark,t:- | gmm-acc-stats-ali --binary=true exp/mono/0.mdl "ark,s,cs:apply-cmvn  --utt2spk=ark:data/train/split1/1/utt2spk scp:data/train/split1/1/cmvn.scp scp:data/train/split1/1/feats.scp ark:- | add-deltas  ark:- ark:- |" ark:- exp/mono/0.1.acc 
# Started at Tue Mar 15 14:47:58 PST 2022
#
gmm-acc-stats-ali --binary=true exp/mono/0.mdl 'ark,s,cs:apply-cmvn  --utt2spk=ark:data/train/split1/1/utt2spk scp:data/train/split1/1/cmvn.scp scp:data/train/split1/1/feats.scp ark:- | add-deltas  ark:- ark:- |' ark:- exp/mono/0.1.acc 
align-equal-compiled 'ark:gunzip -c exp/mono/fsts.1.gz|' 'ark,s,cs:apply-cmvn  --utt2spk=ark:data/train/split1/1/utt2spk scp:data/train/split1/1/cmvn.scp scp:data/train/split1/1/feats.scp ark:- | add-deltas  ark:- ark:- |' ark,t:- 
apply-cmvn --utt2spk=ark:data/train/split1/1/utt2spk scp:data/train/split1/1/cmvn.scp scp:data/train/split1/1/feats.scp ark:- 
add-deltas ark:- ark:- 
apply-cmvn --utt2spk=ark:data/train/split1/1/utt2spk scp:data/train/split1/1/cmvn.scp scp:data/train/split1/1/feats.scp ark:- 
add-deltas ark:- ark:- 
LOG (gmm-acc-stats-ali[5.5.986~1-5caf25]:main():gmm-acc-stats-ali.cc:105) Processed 50 utterances; for utterance jovy_9_8_7 avg. like is -109.942 over 309 frames.
LOG (gmm-acc-stats-ali[5.5.986~1-5caf25]:main():gmm-acc-stats-ali.cc:105) Processed 100 utterances; for utterance michaela_ubos_waea_saea_ana_haman_suea_kaon_kaeo_basi_gaid avg. like is -107.947 over 1811 frames.
LOG (apply-cmvn[5.5.986~1-5caf25]:main():apply-cmvn.cc:162) Applied cepstral mean normalization to 160 utterances, errors on 0
LOG (align-equal-compiled[5.5.986~1-5caf25]:main():align-equal-compiled.cc:107) Success: done 160 utterances.
LOG (gmm-acc-stats-ali[5.5.986~1-5caf25]:main():gmm-acc-stats-ali.cc:105) Processed 150 utterances; for utterance sweeth_8_9_10 avg. like is -112.82 over 514 frames.
LOG (apply-cmvn[5.5.986~1-5caf25]:main():apply-cmvn.cc:162) Applied cepstral mean normalization to 160 utterances, errors on 0
LOG (gmm-acc-stats-ali[5.5.986~1-5caf25]:main():gmm-acc-stats-ali.cc:112) Done 160 files, 0 with errors.
LOG (gmm-acc-stats-ali[5.5.986~1-5caf25]:main():gmm-acc-stats-ali.cc:115) Overall avg like per frame (Gaussian only) = -110.403 over 132117 frames.
LOG (gmm-acc-stats-ali[5.5.986~1-5caf25]:main():gmm-acc-stats-ali.cc:123) Written accs.
# Accounting: time=1 threads=1
# Ended (code 0) at Tue Mar 15 14:47:59 PST 2022, elapsed time 1 seconds
