# gunzip -c exp/tri1/decode/depth_tmp.*.gz | steps/diagnostic/analyze_lattice_depth_stats.py exp/tri1/graph exp/tri1/decode/ali_frame_tmp.gz 
# Started at Tue Mar 15 14:56:31 PST 2022
#
The total amount of data analyzed assuming 100 frames per second is 0.1 hours
Overall, lattice depth (10,50,90-percentile)=(2,10,108) and mean=36.8
Phone sil accounts for 60.8% of frames, with lattice depth (10,50,90-percentile)=(2,11,110) and mean=41.5
Nonsilence phones as a group account for 39.2% of frames, with lattice depth (10,50,90-percentile)=(2,6,80) and mean=29.5
Phone wa_B accounts for 3.5% of frames, with lattice depth (10,50,90-percentile)=(2,18,216) and mean=74.5
Phone bu_B accounts for 3.0% of frames, with lattice depth (10,50,90-percentile)=(2,5,19) and mean=9.7
Phone a_B accounts for 2.6% of frames, with lattice depth (10,50,90-percentile)=(2,9,39) and mean=15.8
Phone o_E accounts for 2.0% of frames, with lattice depth (10,50,90-percentile)=(2,6,130) and mean=22.2
Phone la_E accounts for 1.9% of frames, with lattice depth (10,50,90-percentile)=(2,5,212) and mean=43.3
Phone in_B accounts for 1.8% of frames, with lattice depth (10,50,90-percentile)=(1,6,22) and mean=8.1
Phone lo_E accounts for 1.7% of frames, with lattice depth (10,50,90-percentile)=(3,20,116) and mean=61.8
Phone yam_E accounts for 1.6% of frames, with lattice depth (10,50,90-percentile)=(1,4,39) and mean=10.3
Phone u_B accounts for 1.5% of frames, with lattice depth (10,50,90-percentile)=(1,6,37) and mean=21.7
Phone bos_E accounts for 1.3% of frames, with lattice depth (10,50,90-percentile)=(6,31,157) and mean=74.0
Phone ra_B accounts for 1.3% of frames, with lattice depth (10,50,90-percentile)=(2,8,94) and mean=29.4
Phone su_B accounts for 1.2% of frames, with lattice depth (10,50,90-percentile)=(2,5,25) and mean=23.9
Phone ho_E accounts for 1.1% of frames, with lattice depth (10,50,90-percentile)=(2,8,19) and mean=9.8
Phone sa_B accounts for 1.1% of frames, with lattice depth (10,50,90-percentile)=(1,5,115) and mean=58.7
Phone mu_B accounts for 1.0% of frames, with lattice depth (10,50,90-percentile)=(1,2,27) and mean=12.8
Phone di_E accounts for 0.9% of frames, with lattice depth (10,50,90-percentile)=(1,14,62) and mean=19.9
Phone son_E accounts for 0.9% of frames, with lattice depth (10,50,90-percentile)=(2,11,108) and mean=42.3
Phone pat_E accounts for 0.8% of frames, with lattice depth (10,50,90-percentile)=(2,9,19) and mean=12.8
Phone ng_I accounts for 0.8% of frames, with lattice depth (10,50,90-percentile)=(1,8,110) and mean=37.1
Phone lay_E accounts for 0.7% of frames, with lattice depth (10,50,90-percentile)=(1,2,8) and mean=6.8
Phone i_B accounts for 0.6% of frames, with lattice depth (10,50,90-percentile)=(4,14,34) and mean=15.4
Phone pi_B accounts for 0.6% of frames, with lattice depth (10,50,90-percentile)=(1,6,214) and mean=35.7
Phone ho_B accounts for 0.6% of frames, with lattice depth (10,50,90-percentile)=(2,6,130) and mean=51.9
Phone d_B accounts for 0.6% of frames, with lattice depth (10,50,90-percentile)=(1,5,33) and mean=18.5
Phone ok_E accounts for 0.6% of frames, with lattice depth (10,50,90-percentile)=(2,7,110) and mean=33.8
Phone ba_B accounts for 0.6% of frames, with lattice depth (10,50,90-percentile)=(2,3,77) and mean=13.8
# Accounting: time=0 threads=1
# Ended (code 0) at Tue Mar 15 14:56:31 PST 2022, elapsed time 0 seconds
