# gmm-latgen-faster --max-active=7000 --beam=13.0 --lattice-beam=6.0 --acoustic-scale=0.083333 --allow-partial=true --word-symbol-table=exp/tri1/graph/words.txt exp/tri1/final.mdl exp/tri1/graph/HCLG.fst "ark,s,cs:apply-cmvn  --utt2spk=ark:data/test/split1/1/utt2spk scp:data/test/split1/1/cmvn.scp scp:data/test/split1/1/feats.scp ark:- | add-deltas  ark:- ark:- |" "ark:|gzip -c > exp/tri1/decode/lat.1.gz" 
# Started at Tue Mar 15 14:55:39 PST 2022
#
gmm-latgen-faster --max-active=7000 --beam=13.0 --lattice-beam=6.0 --acoustic-scale=0.083333 --allow-partial=true --word-symbol-table=exp/tri1/graph/words.txt exp/tri1/final.mdl exp/tri1/graph/HCLG.fst 'ark,s,cs:apply-cmvn  --utt2spk=ark:data/test/split1/1/utt2spk scp:data/test/split1/1/cmvn.scp scp:data/test/split1/1/feats.scp ark:- | add-deltas  ark:- ark:- |' 'ark:|gzip -c > exp/tri1/decode/lat.1.gz' 
apply-cmvn --utt2spk=ark:data/test/split1/1/utt2spk scp:data/test/split1/1/cmvn.scp scp:data/test/split1/1/feats.scp ark:- 
add-deltas ark:- ark:- 
jesusa_10_1_2 buho isaea daywa 
LOG (gmm-latgen-faster[5.5.986~1-5caf25]:DecodeUtteranceLatticeFaster():decoder-wrappers.cc:375) Log-like per frame for utterance jesusa_10_1_2 is -8.58653 over 265 frames.
jesusa_10_4_7 buho ap-at buho 
LOG (gmm-latgen-faster[5.5.986~1-5caf25]:DecodeUtteranceLatticeFaster():decoder-wrappers.cc:375) Log-like per frame for utterance jesusa_10_4_7 is -8.94335 over 224 frames.
jesusa_1_2_3 daywa tatlo 
LOG (gmm-latgen-faster[5.5.986~1-5caf25]:DecodeUtteranceLatticeFaster():decoder-wrappers.cc:375) Log-like per frame for utterance jesusa_1_2_3 is -8.76221 over 267 frames.
jesusa_1_3_2 waea ayam 
LOG (gmm-latgen-faster[5.5.986~1-5caf25]:DecodeUtteranceLatticeFaster():decoder-wrappers.cc:375) Log-like per frame for utterance jesusa_1_3_2 is -9.09712 over 262 frames.
jesusa_1_5_6 ayam 
LOG (gmm-latgen-faster[5.5.986~1-5caf25]:DecodeUtteranceLatticeFaster():decoder-wrappers.cc:375) Log-like per frame for utterance jesusa_1_5_6 is -9.12988 over 247 frames.
jesusa_4_4_2 ap-at ap-at daywa 
LOG (gmm-latgen-faster[5.5.986~1-5caf25]:DecodeUtteranceLatticeFaster():decoder-wrappers.cc:375) Log-like per frame for utterance jesusa_4_4_2 is -8.97293 over 254 frames.
jesusa_4_5_6 ap-at ap-at 
LOG (gmm-latgen-faster[5.5.986~1-5caf25]:DecodeUtteranceLatticeFaster():decoder-wrappers.cc:375) Log-like per frame for utterance jesusa_4_5_6 is -8.71712 over 258 frames.
jesusa_7_7_7 pitó buho tuo imo tuo 
LOG (gmm-latgen-faster[5.5.986~1-5caf25]:DecodeUtteranceLatticeFaster():decoder-wrappers.cc:375) Log-like per frame for utterance jesusa_7_7_7 is -8.71457 over 204 frames.
jesusa_7_8_9 buho waeo ayam 
LOG (gmm-latgen-faster[5.5.986~1-5caf25]:DecodeUtteranceLatticeFaster():decoder-wrappers.cc:375) Log-like per frame for utterance jesusa_7_8_9 is -8.63123 over 247 frames.
jesusa_8_10_9 waeo buho ayam 
LOG (gmm-latgen-faster[5.5.986~1-5caf25]:DecodeUtteranceLatticeFaster():decoder-wrappers.cc:375) Log-like per frame for utterance jesusa_8_10_9 is -8.77074 over 226 frames.
jesusa_ana_rason_buho_imo_suea_kaon_kaeo_waea_saea_ubos ap-at rason buho suea waeo waeo ap-at ap-at 
LOG (gmm-latgen-faster[5.5.986~1-5caf25]:DecodeUtteranceLatticeFaster():decoder-wrappers.cc:375) Log-like per frame for utterance jesusa_ana_rason_buho_imo_suea_kaon_kaeo_waea_saea_ubos is -8.25308 over 1226 frames.
jesusa_ana_waea_dungok_haman_tuo_basi_imo_pila_ubos_hoo ap-at waeo waea tuo buho indi imo pila ap-at 
LOG (gmm-latgen-faster[5.5.986~1-5caf25]:DecodeUtteranceLatticeFaster():decoder-wrappers.cc:375) Log-like per frame for utterance jesusa_ana_waea_dungok_haman_tuo_basi_imo_pila_ubos_hoo is -8.33365 over 1249 frames.
jesusa_ayam_mueay_indi_waea_tuo_buho_kaeo_gaid_ubos_imo ayam mueay indi waeo ap-at tuo púeo buho waeo ap-at 
LOG (gmm-latgen-faster[5.5.986~1-5caf25]:DecodeUtteranceLatticeFaster():decoder-wrappers.cc:375) Log-like per frame for utterance jesusa_ayam_mueay_indi_waea_tuo_buho_kaeo_gaid_ubos_imo is -8.29793 over 1197 frames.
jesusa_dungok_pila_ana_ubos_kaeo_mueay_saea_rason_buho_kaon dungok buho pila ap-at basi waeo mueay saea rason buho 
LOG (gmm-latgen-faster[5.5.986~1-5caf25]:DecodeUtteranceLatticeFaster():decoder-wrappers.cc:375) Log-like per frame for utterance jesusa_dungok_pila_ana_ubos_kaeo_mueay_saea_rason_buho_kaon is -8.34059 over 1263 frames.
jesusa_gaid_haman_hoo_imo_ayam_suea_indi_tuo_waea_basi gaid haman rason hoo ayam suea indi tuo púeo waea ap-at basi 
LOG (gmm-latgen-faster[5.5.986~1-5caf25]:DecodeUtteranceLatticeFaster():decoder-wrappers.cc:375) Log-like per frame for utterance jesusa_gaid_haman_hoo_imo_ayam_suea_indi_tuo_waea_basi is -8.19332 over 1313 frames.
jesusa_hoo_pila_gaid_tuo_dungok_haman_basi_indi_ayam_mueay buho pila ap-at tuo buho dungok haman ayam indi indi ayam mueay 
LOG (gmm-latgen-faster[5.5.986~1-5caf25]:DecodeUtteranceLatticeFaster():decoder-wrappers.cc:375) Log-like per frame for utterance jesusa_hoo_pila_gaid_tuo_dungok_haman_basi_indi_ayam_mueay is -8.1624 over 1300 frames.
jesusa_pila_saea_dungok_hoo_kaon_haman_ana_basi_rason_suea pila ap-at saea dungok hoo ap-at basi rason suea 
LOG (gmm-latgen-faster[5.5.986~1-5caf25]:DecodeUtteranceLatticeFaster():decoder-wrappers.cc:375) Log-like per frame for utterance jesusa_pila_saea_dungok_hoo_kaon_haman_ana_basi_rason_suea is -8.13749 over 1251 frames.
jesusa_saea_indi_buho_gaid_kaeo_mueay_ayam_kaon_suea_rason saea indi buho gaid buho ayam indi suea rason 
LOG (gmm-latgen-faster[5.5.986~1-5caf25]:DecodeUtteranceLatticeFaster():decoder-wrappers.cc:375) Log-like per frame for utterance jesusa_saea_indi_buho_gaid_kaeo_mueay_ayam_kaon_suea_rason is -8.21385 over 1334 frames.
jesusa_suea_haman_ana_buho_ayam_kaeo_indi_gaid_hoo_kaon suea ap-at ap-at buho ayam waeo indi gaid hoo 
LOG (gmm-latgen-faster[5.5.986~1-5caf25]:DecodeUtteranceLatticeFaster():decoder-wrappers.cc:375) Log-like per frame for utterance jesusa_suea_haman_ana_buho_ayam_kaeo_indi_gaid_hoo_kaon is -8.14584 over 1214 frames.
jesusa_waea_rason_ubos_pila_tuo_saea_dungok_imo_mueay_basi waeo rason pila tuo saea dungok imo mueay basi 
LOG (gmm-latgen-faster[5.5.986~1-5caf25]:DecodeUtteranceLatticeFaster():decoder-wrappers.cc:375) Log-like per frame for utterance jesusa_waea_rason_ubos_pila_tuo_saea_dungok_imo_mueay_basi is -8.01987 over 1248 frames.
joecel_1_4_8 ubos saea isaea waeo 
LOG (gmm-latgen-faster[5.5.986~1-5caf25]:DecodeUtteranceLatticeFaster():decoder-wrappers.cc:375) Log-like per frame for utterance joecel_1_4_8 is -8.43075 over 442 frames.
joecel_1_8_10 waeo hoo ubos 
LOG (gmm-latgen-faster[5.5.986~1-5caf25]:DecodeUtteranceLatticeFaster():decoder-wrappers.cc:375) Log-like per frame for utterance joecel_1_8_10 is -8.29905 over 407 frames.
joecel_2_3_9 daywa imo buho ubos 
LOG (gmm-latgen-faster[5.5.986~1-5caf25]:DecodeUtteranceLatticeFaster():decoder-wrappers.cc:375) Log-like per frame for utterance joecel_2_3_9 is -8.22418 over 432 frames.
joecel_2_4_9 daywa dungok rason ubos 
LOG (gmm-latgen-faster[5.5.986~1-5caf25]:DecodeUtteranceLatticeFaster():decoder-wrappers.cc:375) Log-like per frame for utterance joecel_2_4_9 is -8.23533 over 502 frames.
joecel_3_5_9 dungok imo li-má ap-at 
LOG (gmm-latgen-faster[5.5.986~1-5caf25]:DecodeUtteranceLatticeFaster():decoder-wrappers.cc:375) Log-like per frame for utterance joecel_3_5_9 is -8.21159 over 437 frames.
joecel_3_7_8 ubos waeo pitó waeo waeo ubos 
LOG (gmm-latgen-faster[5.5.986~1-5caf25]:DecodeUtteranceLatticeFaster():decoder-wrappers.cc:375) Log-like per frame for utterance joecel_3_7_8 is -8.26106 over 502 frames.
joecel_5_6_9 li-má ubos ubos 
LOG (gmm-latgen-faster[5.5.986~1-5caf25]:DecodeUtteranceLatticeFaster():decoder-wrappers.cc:375) Log-like per frame for utterance joecel_5_6_9 is -8.30761 over 372 frames.
joecel_6_7_9 pitó ubos ubos ubos 
LOG (gmm-latgen-faster[5.5.986~1-5caf25]:DecodeUtteranceLatticeFaster():decoder-wrappers.cc:375) Log-like per frame for utterance joecel_6_7_9 is -8.40023 over 430 frames.
joecel_6_8_10 waeo hoo ubos 
LOG (gmm-latgen-faster[5.5.986~1-5caf25]:DecodeUtteranceLatticeFaster():decoder-wrappers.cc:375) Log-like per frame for utterance joecel_6_8_10 is -8.12846 over 411 frames.
joecel_8_9_10 waeo imo buho hoo 
LOG (gmm-latgen-faster[5.5.986~1-5caf25]:DecodeUtteranceLatticeFaster():decoder-wrappers.cc:375) Log-like per frame for utterance joecel_8_9_10 is -7.99442 over 458 frames.
joecel_basi_ayam_mueay_kaon_saea_kaeo_dungok_ana_pila_haman basi ayam mueay kaeo rason saea waeo kaeo waeo hoo pila suea 
LOG (gmm-latgen-faster[5.5.986~1-5caf25]:DecodeUtteranceLatticeFaster():decoder-wrappers.cc:375) Log-like per frame for utterance joecel_basi_ayam_mueay_kaon_saea_kaeo_dungok_ana_pila_haman is -8.21204 over 1255 frames.
joecel_buho_haman_tuo_kaeo_ayam_basi_waea_imo_suea_gaid haman tuo waeo ana rason waeo li-má suea tatlo 
LOG (gmm-latgen-faster[5.5.986~1-5caf25]:DecodeUtteranceLatticeFaster():decoder-wrappers.cc:375) Log-like per frame for utterance joecel_buho_haman_tuo_kaeo_ayam_basi_waea_imo_suea_gaid is -8.33462 over 1123 frames.
joecel_dungok_kaon_ubos_mueay_ayam_gaid_basi_waea_ana_saea dungok kaon rason hoo waeo ayam ubos kaeo basi waeo ana isaea 
LOG (gmm-latgen-faster[5.5.986~1-5caf25]:DecodeUtteranceLatticeFaster():decoder-wrappers.cc:375) Log-like per frame for utterance joecel_dungok_kaon_ubos_mueay_ayam_gaid_basi_waea_ana_saea is -8.26818 over 1184 frames.
joecel_haman_basi_kaeo_suea_hoo_indi_kaon_rason_ayam_tuo rason basi suea waeo indi li-má rason rason ayam tuo 
LOG (gmm-latgen-faster[5.5.986~1-5caf25]:DecodeUtteranceLatticeFaster():decoder-wrappers.cc:375) Log-like per frame for utterance joecel_haman_basi_kaeo_suea_hoo_indi_kaon_rason_ayam_tuo is -8.25436 over 1243 frames.
joecel_indi_ana_saea_imo_buho_dungok_waea_hoo_kaeo_suea indi suea saea waeo dungok waeo hoo waeo suea 
LOG (gmm-latgen-faster[5.5.986~1-5caf25]:DecodeUtteranceLatticeFaster():decoder-wrappers.cc:375) Log-like per frame for utterance joecel_indi_ana_saea_imo_buho_dungok_waea_hoo_kaeo_suea is -8.25305 over 1240 frames.
joecel_kaeo_indi_imo_tuo_ayam_waea_hoo_dungok_kaon_ubos indi indi li-má tuo ayam waeo haman dungok kaeo rason ubos 
LOG (gmm-latgen-faster[5.5.986~1-5caf25]:DecodeUtteranceLatticeFaster():decoder-wrappers.cc:375) Log-like per frame for utterance joecel_kaeo_indi_imo_tuo_ayam_waea_hoo_dungok_kaon_ubos is -8.06206 over 1255 frames.
joecel_mueay_imo_saea_pila_hoo_gaid_haman_dungok_indi_waea mueay saea li-má ap-at púeo indi waeo dungok indi waeo 
LOG (gmm-latgen-faster[5.5.986~1-5caf25]:DecodeUtteranceLatticeFaster():decoder-wrappers.cc:375) Log-like per frame for utterance joecel_mueay_imo_saea_pila_hoo_gaid_haman_dungok_indi_waea is -8.27331 over 1212 frames.
LOG (apply-cmvn[5.5.986~1-5caf25]:main():apply-cmvn.cc:162) Applied cepstral mean normalization to 40 utterances, errors on 0
joecel_pila_ana_tuo_buho_kaon_hoo_mueay_rason_ubos_dungok ap-at waeo buho kaon hoo mueay indi rason ubos dungok 
LOG (gmm-latgen-faster[5.5.986~1-5caf25]:DecodeUtteranceLatticeFaster():decoder-wrappers.cc:375) Log-like per frame for utterance joecel_pila_ana_tuo_buho_kaon_hoo_mueay_rason_ubos_dungok is -8.08502 over 1243 frames.
joecel_suea_waea_kaon_ubos_saea_tuo_dungok_ana_kaeo_buho suea waeo hoo waeo waeo dungok ana haman waeo buho 
LOG (gmm-latgen-faster[5.5.986~1-5caf25]:DecodeUtteranceLatticeFaster():decoder-wrappers.cc:375) Log-like per frame for utterance joecel_suea_waea_kaon_ubos_saea_tuo_dungok_ana_kaeo_buho is -8.30529 over 1306 frames.
joecel_waea_ayam_pila_basi_gaid_mueay_rason_tuo_buho_ubos ap-at ayam indi ap-at basi kaeo mueay saea rason waeo ubos waeo ubos 
LOG (gmm-latgen-faster[5.5.986~1-5caf25]:DecodeUtteranceLatticeFaster():decoder-wrappers.cc:375) Log-like per frame for utterance joecel_waea_ayam_pila_basi_gaid_mueay_rason_tuo_buho_ubos is -8.14219 over 1257 frames.
LOG (gmm-latgen-faster[5.5.986~1-5caf25]:main():gmm-latgen-faster.cc:176) Time taken 50.6588s: real-time factor assuming 100 frames/sec is 0.159505
LOG (gmm-latgen-faster[5.5.986~1-5caf25]:main():gmm-latgen-faster.cc:179) Done 40 utterances, failed for 0
LOG (gmm-latgen-faster[5.5.986~1-5caf25]:main():gmm-latgen-faster.cc:181) Overall log-likelihood per frame is -8.26611 over 31760 frames.
# Accounting: time=51 threads=1
# Ended (code 0) at Tue Mar 15 14:56:30 PST 2022, elapsed time 51 seconds
