# gmm-est --write-occs=exp/mono/22.occs --mix-up=688 --power=0.25 exp/mono/21.mdl "gmm-sum-accs - exp/mono/21.*.acc|" exp/mono/22.mdl 
# Started at Tue Mar 15 14:45:12 PST 2022
#
gmm-est --write-occs=exp/mono/22.occs --mix-up=688 --power=0.25 exp/mono/21.mdl 'gmm-sum-accs - exp/mono/21.*.acc|' exp/mono/22.mdl 
gmm-sum-accs - exp/mono/21.1.acc 
LOG (gmm-sum-accs[5.5.986~1-5caf25]:main():gmm-sum-accs.cc:63) Summed 1 stats, total count 26167, avg like/frame -91.5957
LOG (gmm-sum-accs[5.5.986~1-5caf25]:main():gmm-sum-accs.cc:66) Total count of stats is 26167
LOG (gmm-sum-accs[5.5.986~1-5caf25]:main():gmm-sum-accs.cc:67) Written stats to -
LOG (gmm-est[5.5.986~1-5caf25]:MleUpdate():transition-model.cc:528) TransitionModel::Update, objf change is 0 per frame over 26167 frames. 
LOG (gmm-est[5.5.986~1-5caf25]:MleUpdate():transition-model.cc:531) 6 probabilities floored, 276 out of 362 transition-states skipped due to insuffient data (it is normal to have some skipped.)
LOG (gmm-est[5.5.986~1-5caf25]:main():gmm-est.cc:102) Transition model update: Overall 0 log-like improvement per frame over 26167 frames.
WARNING (gmm-est[5.5.986~1-5caf25]:MleDiagGmmUpdate():mle-diag-gmm.cc:365) Gaussian has too little data but not removing it because it is the last Gaussian: i = 0, occ = 0, weight = 1
WARNING (gmm-est[5.5.986~1-5caf25]:MleDiagGmmUpdate():mle-diag-gmm.cc:365) Gaussian has too little data but not removing it because it is the last Gaussian: i = 0, occ = 0, weight = 1
WARNING (gmm-est[5.5.986~1-5caf25]:MleDiagGmmUpdate():mle-diag-gmm.cc:365) Gaussian has too little data but not removing it because it is the last Gaussian: i = 0, occ = 0, weight = 1
WARNING (gmm-est[5.5.986~1-5caf25]:MleDiagGmmUpdate():mle-diag-gmm.cc:365) Gaussian has too little data but not removing it because it is the last Gaussian: i = 0, occ = 0, weight = 1
WARNING (gmm-est[5.5.986~1-5caf25]:MleDiagGmmUpdate():mle-diag-gmm.cc:365) Gaussian has too little data but not removing it because it is the last Gaussian: i = 0, occ = 0, weight = 1
WARNING (gmm-est[5.5.986~1-5caf25]:MleDiagGmmUpdate():mle-diag-gmm.cc:359) Too little data - removing Gaussian (weight 0.050491, occupation count 9.593268, vector size 39)
LOG (gmm-est[5.5.986~1-5caf25]:MleAmDiagGmmUpdate():mle-am-diag-gmm.cc:225) 0 variance elements floored in 0 Gaussians, out of 660
LOG (gmm-est[5.5.986~1-5caf25]:MleAmDiagGmmUpdate():mle-am-diag-gmm.cc:229) Removed 1 Gaussians due to counts < --min-gaussian-occupancy=10 and --remove-low-count-gaussians=true
LOG (gmm-est[5.5.986~1-5caf25]:main():gmm-est.cc:113) GMM update: Overall 0.135674 objective function improvement per frame over 26167 frames
LOG (gmm-est[5.5.986~1-5caf25]:main():gmm-est.cc:116) GMM update: Overall avg like per frame = -91.5957 over 26167 frames.
LOG (gmm-est[5.5.986~1-5caf25]:SplitByCount():am-diag-gmm.cc:116) Split 88 states with target = 688, power = 0.25, perturb_factor = 0.01 and min_count = 20, split #Gauss from 660 to 691
LOG (gmm-est[5.5.986~1-5caf25]:main():gmm-est.cc:146) Written model to exp/mono/22.mdl
# Accounting: time=0 threads=1
# Ended (code 0) at Tue Mar 15 14:45:12 PST 2022, elapsed time 0 seconds
