# gmm-est --write-occs=exp/mono/36.occs --mix-up=988 --power=0.25 exp/mono/35.mdl "gmm-sum-accs - exp/mono/35.*.acc|" exp/mono/36.mdl 
# Started at Tue Mar 15 14:45:27 PST 2022
#
gmm-est --write-occs=exp/mono/36.occs --mix-up=988 --power=0.25 exp/mono/35.mdl 'gmm-sum-accs - exp/mono/35.*.acc|' exp/mono/36.mdl 
gmm-sum-accs - exp/mono/35.1.acc 
LOG (gmm-sum-accs[5.5.986~1-5caf25]:main():gmm-sum-accs.cc:63) Summed 1 stats, total count 26167, avg like/frame -88.7333
LOG (gmm-sum-accs[5.5.986~1-5caf25]:main():gmm-sum-accs.cc:66) Total count of stats is 26167
LOG (gmm-sum-accs[5.5.986~1-5caf25]:main():gmm-sum-accs.cc:67) Written stats to -
LOG (gmm-est[5.5.986~1-5caf25]:MleUpdate():transition-model.cc:528) TransitionModel::Update, objf change is 7.17154e-07 per frame over 26167 frames. 
LOG (gmm-est[5.5.986~1-5caf25]:MleUpdate():transition-model.cc:531) 6 probabilities floored, 276 out of 362 transition-states skipped due to insuffient data (it is normal to have some skipped.)
LOG (gmm-est[5.5.986~1-5caf25]:main():gmm-est.cc:102) Transition model update: Overall 7.17154e-07 log-like improvement per frame over 26167 frames.
WARNING (gmm-est[5.5.986~1-5caf25]:MleDiagGmmUpdate():mle-diag-gmm.cc:365) Gaussian has too little data but not removing it because it is the last Gaussian: i = 0, occ = 0, weight = 1
WARNING (gmm-est[5.5.986~1-5caf25]:MleDiagGmmUpdate():mle-diag-gmm.cc:365) Gaussian has too little data but not removing it because it is the last Gaussian: i = 0, occ = 0, weight = 1
WARNING (gmm-est[5.5.986~1-5caf25]:MleDiagGmmUpdate():mle-diag-gmm.cc:365) Gaussian has too little data but not removing it because it is the last Gaussian: i = 0, occ = 0, weight = 1
WARNING (gmm-est[5.5.986~1-5caf25]:MleDiagGmmUpdate():mle-diag-gmm.cc:365) Gaussian has too little data but not removing it because it is the last Gaussian: i = 0, occ = 0, weight = 1
WARNING (gmm-est[5.5.986~1-5caf25]:MleDiagGmmUpdate():mle-diag-gmm.cc:365) Gaussian has too little data but not removing it because it is the last Gaussian: i = 0, occ = 0, weight = 1
WARNING (gmm-est[5.5.986~1-5caf25]:MleDiagGmmUpdate():mle-diag-gmm.cc:359) Too little data - removing Gaussian (weight 0.018893, occupation count 9.994486, vector size 39)
WARNING (gmm-est[5.5.986~1-5caf25]:MleDiagGmmUpdate():mle-diag-gmm.cc:359) Too little data - removing Gaussian (weight 0.017303, occupation count 9.014632, vector size 39)
LOG (gmm-est[5.5.986~1-5caf25]:MleAmDiagGmmUpdate():mle-am-diag-gmm.cc:225) 0 variance elements floored in 0 Gaussians, out of 993
LOG (gmm-est[5.5.986~1-5caf25]:MleAmDiagGmmUpdate():mle-am-diag-gmm.cc:229) Removed 2 Gaussians due to counts < --min-gaussian-occupancy=10 and --remove-low-count-gaussians=true
LOG (gmm-est[5.5.986~1-5caf25]:main():gmm-est.cc:113) GMM update: Overall 0.0618131 objective function improvement per frame over 26167 frames
LOG (gmm-est[5.5.986~1-5caf25]:main():gmm-est.cc:116) GMM update: Overall avg like per frame = -88.7333 over 26167 frames.
LOG (gmm-est[5.5.986~1-5caf25]:SplitByCount():am-diag-gmm.cc:116) Split 88 states with target = 988, power = 0.25, perturb_factor = 0.01 and min_count = 20, split #Gauss from 993 to 996
LOG (gmm-est[5.5.986~1-5caf25]:main():gmm-est.cc:146) Written model to exp/mono/36.mdl
# Accounting: time=0 threads=1
# Ended (code 0) at Tue Mar 15 14:45:27 PST 2022, elapsed time 0 seconds
