# lattice-best-path --lm-scale=7 --word-symbol-table=exp/mono/graph/words.txt "ark:gunzip -c exp/mono/decode/lat.*.gz|" ark,t:exp/mono/decode/scoring/7.tra 
# Started at Tue Mar 15 14:51:08 PST 2022
#
lattice-best-path --lm-scale=7 --word-symbol-table=exp/mono/graph/words.txt 'ark:gunzip -c exp/mono/decode/lat.*.gz|' ark,t:exp/mono/decode/scoring/7.tra 
LOG (lattice-best-path[5.5.986~1-5caf25]:main():lattice-best-path.cc:99) For utterance jesusa_10_1_2, best cost 220.386 + 25915.3 = 26135.7 over 265 frames.
jesusa_10_1_2 buho saea daywa waea 
LOG (lattice-best-path[5.5.986~1-5caf25]:main():lattice-best-path.cc:99) For utterance jesusa_10_4_7, best cost 176.956 + 22737.3 = 22914.3 over 224 frames.
jesusa_10_4_7 pitó tuo 
LOG (lattice-best-path[5.5.986~1-5caf25]:main():lattice-best-path.cc:99) For utterance jesusa_1_2_3, best cost 232.988 + 26805 = 27037.9 over 267 frames.
jesusa_1_2_3 saea daywa 
LOG (lattice-best-path[5.5.986~1-5caf25]:main():lattice-best-path.cc:99) For utterance jesusa_1_3_2, best cost 219.179 + 26894.8 = 27114 over 262 frames.
jesusa_1_3_2 saea daywa 
LOG (lattice-best-path[5.5.986~1-5caf25]:main():lattice-best-path.cc:99) For utterance jesusa_1_5_6, best cost 170.401 + 25303.5 = 25473.9 over 247 frames.
jesusa_1_5_6 saea 
LOG (lattice-best-path[5.5.986~1-5caf25]:main():lattice-best-path.cc:99) For utterance jesusa_4_4_2, best cost 240.193 + 26197.5 = 26437.7 over 254 frames.
jesusa_4_4_2 ap-at daywa waea 
LOG (lattice-best-path[5.5.986~1-5caf25]:main():lattice-best-path.cc:99) For utterance jesusa_4_5_6, best cost 219.286 + 25443.6 = 25662.9 over 258 frames.
jesusa_4_5_6 li-má ayam 
LOG (lattice-best-path[5.5.986~1-5caf25]:main():lattice-best-path.cc:99) For utterance jesusa_7_7_7, best cost 269.921 + 20121.9 = 20391.8 over 204 frames.
jesusa_7_7_7 pitó tuo pitó tuo imo tuo 
LOG (lattice-best-path[5.5.986~1-5caf25]:main():lattice-best-path.cc:99) For utterance jesusa_7_8_9, best cost 198.502 + 24169 = 24367.5 over 247 frames.
jesusa_7_8_9 pitó tuo siyám 
LOG (lattice-best-path[5.5.986~1-5caf25]:main():lattice-best-path.cc:99) For utterance jesusa_8_10_9, best cost 185.549 + 22687 = 22872.5 over 226 frames.
jesusa_8_10_9 buho siyám 
LOG (lattice-best-path[5.5.986~1-5caf25]:main():lattice-best-path.cc:99) For utterance jesusa_ana_rason_buho_imo_suea_kaon_kaeo_waea_saea_ubos, best cost 679.199 + 116385 = 117064 over 1226 frames.
jesusa_ana_rason_buho_imo_suea_kaon_kaeo_waea_saea_ubos saea rason buho suea buho waea saea ubos 
LOG (lattice-best-path[5.5.986~1-5caf25]:main():lattice-best-path.cc:99) For utterance jesusa_ana_waea_dungok_haman_tuo_basi_imo_pila_ubos_hoo, best cost 715.859 + 119104 = 119820 over 1249 frames.
jesusa_ana_waea_dungok_haman_tuo_basi_imo_pila_ubos_hoo waea dungok haman tuo basi imo pila 
LOG (lattice-best-path[5.5.986~1-5caf25]:main():lattice-best-path.cc:99) For utterance jesusa_ayam_mueay_indi_waea_tuo_buho_kaeo_gaid_ubos_imo, best cost 670.466 + 113744 = 114414 over 1197 frames.
jesusa_ayam_mueay_indi_waea_tuo_buho_kaeo_gaid_ubos_imo ayam mueay imo indi waea tuo buho buho ubos 
LOG (lattice-best-path[5.5.986~1-5caf25]:main():lattice-best-path.cc:99) For utterance jesusa_dungok_pila_ana_ubos_kaeo_mueay_saea_rason_buho_kaon, best cost 758.88 + 120622 = 121381 over 1263 frames.
jesusa_dungok_pila_ana_ubos_kaeo_mueay_saea_rason_buho_kaon dungok buho pila saea ubos ubos mueay saea rason buho kaon 
LOG (lattice-best-path[5.5.986~1-5caf25]:main():lattice-best-path.cc:99) For utterance jesusa_gaid_haman_hoo_imo_ayam_suea_indi_tuo_waea_basi, best cost 804.836 + 123421 = 124226 over 1313 frames.
jesusa_gaid_haman_hoo_imo_ayam_suea_indi_tuo_waea_basi gaid haman ana rason hoo ayam suea indi tuo buho waea basi 
LOG (lattice-best-path[5.5.986~1-5caf25]:main():lattice-best-path.cc:99) For utterance jesusa_hoo_pila_gaid_tuo_dungok_haman_basi_indi_ayam_mueay, best cost 687.307 + 120775 = 121462 over 1300 frames.
jesusa_hoo_pila_gaid_tuo_dungok_haman_basi_indi_ayam_mueay hoo pila tuo buho dungok haman basi indi ayam mueay 
LOG (lattice-best-path[5.5.986~1-5caf25]:main():lattice-best-path.cc:99) For utterance jesusa_pila_saea_dungok_hoo_kaon_haman_ana_basi_rason_suea, best cost 730.37 + 116678 = 117408 over 1251 frames.
jesusa_pila_saea_dungok_hoo_kaon_haman_ana_basi_rason_suea pila saea dungok hoo kaon rason ayam waea basi rason suea 
LOG (lattice-best-path[5.5.986~1-5caf25]:main():lattice-best-path.cc:99) For utterance jesusa_saea_indi_buho_gaid_kaeo_mueay_ayam_kaon_suea_rason, best cost 766.925 + 125590 = 126357 over 1334 frames.
jesusa_saea_indi_buho_gaid_kaeo_mueay_ayam_kaon_suea_rason saea indi buho buho mueay ayam ubos kaon indi suea rason 
LOG (lattice-best-path[5.5.986~1-5caf25]:main():lattice-best-path.cc:99) For utterance jesusa_suea_haman_ana_buho_ayam_kaeo_indi_gaid_hoo_kaon, best cost 707.762 + 113541 = 114249 over 1214 frames.
jesusa_suea_haman_ana_buho_ayam_kaeo_indi_gaid_hoo_kaon suea ana rason ana buho ayam indi gaid hoo kaon 
LOG (lattice-best-path[5.5.986~1-5caf25]:main():lattice-best-path.cc:99) For utterance jesusa_waea_rason_ubos_pila_tuo_saea_dungok_imo_mueay_basi, best cost 701.896 + 114826 = 115528 over 1248 frames.
jesusa_waea_rason_ubos_pila_tuo_saea_dungok_imo_mueay_basi waea rason ubos pila tuo saea dungok imo mueay basi 
LOG (lattice-best-path[5.5.986~1-5caf25]:main():lattice-best-path.cc:99) For utterance joecel_1_4_8, best cost 326.824 + 42324 = 42650.8 over 442 frames.
joecel_1_4_8 imo saea waeo kaeo 
LOG (lattice-best-path[5.5.986~1-5caf25]:main():lattice-best-path.cc:99) For utterance joecel_1_8_10, best cost 256.281 + 38646.4 = 38902.7 over 407 frames.
joecel_1_8_10 saea waeo buho 
LOG (lattice-best-path[5.5.986~1-5caf25]:main():lattice-best-path.cc:99) For utterance joecel_2_3_9, best cost 336.998 + 40677.3 = 41014.3 over 432 frames.
joecel_2_3_9 daywa buho saea rason imo 
LOG (lattice-best-path[5.5.986~1-5caf25]:main():lattice-best-path.cc:99) For utterance joecel_2_4_9, best cost 349.002 + 47411.8 = 47760.8 over 502 frames.
joecel_2_4_9 imo daywa ubos ayam 
LOG (lattice-best-path[5.5.986~1-5caf25]:main():lattice-best-path.cc:99) For utterance joecel_3_5_9, best cost 322.944 + 40965.4 = 41288.4 over 437 frames.
joecel_3_5_9 buho imo ubos 
LOG (lattice-best-path[5.5.986~1-5caf25]:main():lattice-best-path.cc:99) For utterance joecel_3_7_8, best cost 394.837 + 47260.5 = 47655.3 over 502 frames.
joecel_3_7_8 imo pitó waeo buho ubos 
LOG (lattice-best-path[5.5.986~1-5caf25]:main():lattice-best-path.cc:99) For utterance joecel_5_6_9, best cost 288.883 + 35333.6 = 35622.5 over 372 frames.
joecel_5_6_9 li-má suea kaeo ana 
LOG (lattice-best-path[5.5.986~1-5caf25]:main():lattice-best-path.cc:99) For utterance joecel_6_7_9, best cost 348.084 + 41278.5 = 41626.6 over 430 frames.
joecel_6_7_9 ubos pitó ubos ayam 
LOG (lattice-best-path[5.5.986~1-5caf25]:main():lattice-best-path.cc:99) For utterance joecel_6_8_10, best cost 293.219 + 38184 = 38477.2 over 411 frames.
joecel_6_8_10 waeo ubos imo 
LOG (lattice-best-path[5.5.986~1-5caf25]:main():lattice-best-path.cc:99) For utterance joecel_8_9_10, best cost 339.582 + 41688.7 = 42028.2 over 458 frames.
joecel_8_9_10 waeo imo ubos imo 
LOG (lattice-best-path[5.5.986~1-5caf25]:main():lattice-best-path.cc:99) For utterance joecel_basi_ayam_mueay_kaon_saea_kaeo_dungok_ana_pila_haman, best cost 765.409 + 117496 = 118262 over 1255 frames.
joecel_basi_ayam_mueay_kaon_saea_kaeo_dungok_ana_pila_haman basi ayam mueay kaon saea an-om dungok suea pila rason 
LOG (lattice-best-path[5.5.986~1-5caf25]:main():lattice-best-path.cc:99) For utterance joecel_buho_haman_tuo_kaeo_ayam_basi_waea_imo_suea_gaid, best cost 856.716 + 107381 = 108238 over 1123 frames.
joecel_buho_haman_tuo_kaeo_ayam_basi_waea_imo_suea_gaid haman tuo haman an-om ana siyám basi waeo suea imo suea gaid 
LOG (lattice-best-path[5.5.986~1-5caf25]:main():lattice-best-path.cc:99) For utterance joecel_dungok_kaon_ubos_mueay_ayam_gaid_basi_waea_ana_saea, best cost 781.332 + 112089 = 112870 over 1184 frames.
joecel_dungok_kaon_ubos_mueay_ayam_gaid_basi_waea_ana_saea kaon ubos mueay saea saea ayam gaid basi waea saea saea 
LOG (lattice-best-path[5.5.986~1-5caf25]:main():lattice-best-path.cc:99) For utterance joecel_haman_basi_kaeo_suea_hoo_indi_kaon_rason_ayam_tuo, best cost 835.221 + 116857 = 117692 over 1243 frames.
joecel_haman_basi_kaeo_suea_hoo_indi_kaon_rason_ayam_tuo haman rason saea basi waeo suea hoo indi waea rason rason ayam tuo 
LOG (lattice-best-path[5.5.986~1-5caf25]:main():lattice-best-path.cc:99) For utterance joecel_indi_ana_saea_imo_buho_dungok_waea_hoo_kaeo_suea, best cost 851.869 + 116994 = 117846 over 1240 frames.
joecel_indi_ana_saea_imo_buho_dungok_waea_hoo_kaeo_suea indi ana waea saea indi waea an-om dungok waea hoo waea an-om suea 
LOG (lattice-best-path[5.5.986~1-5caf25]:main():lattice-best-path.cc:99) For utterance joecel_kaeo_indi_imo_tuo_ayam_waea_hoo_dungok_kaon_ubos, best cost 816.863 + 116123 = 116940 over 1255 frames.
joecel_kaeo_indi_imo_tuo_ayam_waea_hoo_dungok_kaon_ubos indi indi tuo buho haman ayam waea saea hoo dungok saea rason ubos 
LOG (lattice-best-path[5.5.986~1-5caf25]:main():lattice-best-path.cc:99) For utterance joecel_mueay_imo_saea_pila_hoo_gaid_haman_dungok_indi_waea, best cost 744.945 + 114801 = 115546 over 1212 frames.
joecel_mueay_imo_saea_pila_hoo_gaid_haman_dungok_indi_waea mueay imo buho saea pila indi waea dungok indi waea 
LOG (lattice-best-path[5.5.986~1-5caf25]:main():lattice-best-path.cc:99) For utterance joecel_pila_ana_tuo_buho_kaon_hoo_mueay_rason_ubos_dungok, best cost 811.058 + 115405 = 116216 over 1243 frames.
joecel_pila_ana_tuo_buho_kaon_hoo_mueay_rason_ubos_dungok pila saea tuo buho kaon hoo saea mueay saea rason ubos dungok hoo 
LOG (lattice-best-path[5.5.986~1-5caf25]:main():lattice-best-path.cc:99) For utterance joecel_suea_waea_kaon_ubos_saea_tuo_dungok_ana_kaeo_buho, best cost 856.405 + 124050 = 124907 over 1306 frames.
joecel_suea_waea_kaon_ubos_saea_tuo_dungok_ana_kaeo_buho waea suea waea rason ubos saea tuo dungok suea ana an-om an-om 
LOG (lattice-best-path[5.5.986~1-5caf25]:main():lattice-best-path.cc:99) For utterance joecel_waea_ayam_pila_basi_gaid_mueay_rason_tuo_buho_ubos, best cost 779.299 + 117114 = 117893 over 1257 frames.
joecel_waea_ayam_pila_basi_gaid_mueay_rason_tuo_buho_ubos waea ayam pila basi gaid saea mueay indi rason tuo buho indi ubos 
LOG (lattice-best-path[5.5.986~1-5caf25]:main():lattice-best-path.cc:124) Overall cost per frame is 95.2063 = 0.652161 [graph] + 94.5541 [acoustic] over 31760 frames.
LOG (lattice-best-path[5.5.986~1-5caf25]:main():lattice-best-path.cc:128) Done 40 lattices, failed for 0
# Accounting: time=0 threads=1
# Ended (code 0) at Tue Mar 15 14:51:08 PST 2022, elapsed time 0 seconds
