# lattice-best-path --lm-scale=10 --word-symbol-table=exp/tri1/graph/words.txt "ark:gunzip -c exp/tri1/decode/lat.*.gz|" ark,t:exp/tri1/decode/scoring/10.tra 
# Started at Tue Mar 15 14:56:32 PST 2022
#
lattice-best-path --lm-scale=10 --word-symbol-table=exp/tri1/graph/words.txt 'ark:gunzip -c exp/tri1/decode/lat.*.gz|' ark,t:exp/tri1/decode/scoring/10.tra 
LOG (lattice-best-path[5.5.986~1-5caf25]:main():lattice-best-path.cc:99) For utterance jesusa_10_1_2, best cost 332.153 + 26906.7 = 27238.8 over 265 frames.
jesusa_10_1_2 buho isaea daywa 
LOG (lattice-best-path[5.5.986~1-5caf25]:main():lattice-best-path.cc:99) For utterance jesusa_10_4_7, best cost 313.443 + 23663.7 = 23977.1 over 224 frames.
jesusa_10_4_7 buho ap-at buho 
LOG (lattice-best-path[5.5.986~1-5caf25]:main():lattice-best-path.cc:99) For utterance jesusa_1_2_3, best cost 321.747 + 27688.1 = 28009.9 over 267 frames.
jesusa_1_2_3 daywa tatlo 
LOG (lattice-best-path[5.5.986~1-5caf25]:main():lattice-best-path.cc:99) For utterance jesusa_1_3_2, best cost 275.798 + 28270.5 = 28546.3 over 262 frames.
jesusa_1_3_2 waea ayam 
LOG (lattice-best-path[5.5.986~1-5caf25]:main():lattice-best-path.cc:99) For utterance jesusa_1_5_6, best cost 244.882 + 26767.2 = 27012.1 over 247 frames.
jesusa_1_5_6 ayam 
LOG (lattice-best-path[5.5.986~1-5caf25]:main():lattice-best-path.cc:99) For utterance jesusa_4_4_2, best cost 384.891 + 26887.7 = 27272.6 over 254 frames.
jesusa_4_4_2 ap-at ap-at daywa 
LOG (lattice-best-path[5.5.986~1-5caf25]:main():lattice-best-path.cc:99) For utterance jesusa_4_5_6, best cost 340.761 + 26579.4 = 26920.1 over 258 frames.
jesusa_4_5_6 ap-at ap-at 
LOG (lattice-best-path[5.5.986~1-5caf25]:main():lattice-best-path.cc:99) For utterance jesusa_7_7_7, best cost 450.193 + 20793.1 = 21243.3 over 204 frames.
jesusa_7_7_7 pitó buho tuo imo tuo 
LOG (lattice-best-path[5.5.986~1-5caf25]:main():lattice-best-path.cc:99) For utterance jesusa_7_8_9, best cost 363.269 + 25147.2 = 25510.4 over 247 frames.
jesusa_7_8_9 buho waeo ayam 
LOG (lattice-best-path[5.5.986~1-5caf25]:main():lattice-best-path.cc:99) For utterance jesusa_8_10_9, best cost 303.847 + 23421.7 = 23725.6 over 226 frames.
jesusa_8_10_9 waeo buho ayam 
LOG (lattice-best-path[5.5.986~1-5caf25]:main():lattice-best-path.cc:99) For utterance jesusa_ana_rason_buho_imo_suea_kaon_kaeo_waea_saea_ubos, best cost 1094.23 + 120108 = 121202 over 1226 frames.
jesusa_ana_rason_buho_imo_suea_kaon_kaeo_waea_saea_ubos ap-at rason buho suea ayam buho waeo ap-at ap-at 
LOG (lattice-best-path[5.5.986~1-5caf25]:main():lattice-best-path.cc:99) For utterance jesusa_ana_waea_dungok_haman_tuo_basi_imo_pila_ubos_hoo, best cost 1309.14 + 123342 = 124651 over 1249 frames.
jesusa_ana_waea_dungok_haman_tuo_basi_imo_pila_ubos_hoo ap-at waeo waea dungok waeo tuo buho indi imo pila ap-at 
LOG (lattice-best-path[5.5.986~1-5caf25]:main():lattice-best-path.cc:99) For utterance jesusa_ayam_mueay_indi_waea_tuo_buho_kaeo_gaid_ubos_imo, best cost 1059.31 + 117921 = 118980 over 1197 frames.
jesusa_ayam_mueay_indi_waea_tuo_buho_kaeo_gaid_ubos_imo ayam mueay indi waeo ap-at tuo púeo buho waeo ap-at 
LOG (lattice-best-path[5.5.986~1-5caf25]:main():lattice-best-path.cc:99) For utterance jesusa_dungok_pila_ana_ubos_kaeo_mueay_saea_rason_buho_kaon, best cost 1086.16 + 125107 = 126193 over 1263 frames.
jesusa_dungok_pila_ana_ubos_kaeo_mueay_saea_rason_buho_kaon dungok buho pila ap-at basi waeo mueay saea rason buho 
LOG (lattice-best-path[5.5.986~1-5caf25]:main():lattice-best-path.cc:99) For utterance jesusa_gaid_haman_hoo_imo_ayam_suea_indi_tuo_waea_basi, best cost 1129.75 + 127739 = 128868 over 1313 frames.
jesusa_gaid_haman_hoo_imo_ayam_suea_indi_tuo_waea_basi gaid haman rason hoo ayam suea indi tuo púeo waea ap-at basi 
LOG (lattice-best-path[5.5.986~1-5caf25]:main():lattice-best-path.cc:99) For utterance jesusa_hoo_pila_gaid_tuo_dungok_haman_basi_indi_ayam_mueay, best cost 1185.57 + 125911 = 127097 over 1300 frames.
jesusa_hoo_pila_gaid_tuo_dungok_haman_basi_indi_ayam_mueay buho pila ap-at tuo buho dungok haman ayam indi indi ayam mueay 
LOG (lattice-best-path[5.5.986~1-5caf25]:main():lattice-best-path.cc:99) For utterance jesusa_pila_saea_dungok_hoo_kaon_haman_ana_basi_rason_suea, best cost 1087.21 + 120867 = 121955 over 1251 frames.
jesusa_pila_saea_dungok_hoo_kaon_haman_ana_basi_rason_suea pila ap-at saea dungok hoo indi ap-at basi rason suea 
LOG (lattice-best-path[5.5.986~1-5caf25]:main():lattice-best-path.cc:99) For utterance jesusa_saea_indi_buho_gaid_kaeo_mueay_ayam_kaon_suea_rason, best cost 1167.37 + 130101 = 131268 over 1334 frames.
jesusa_saea_indi_buho_gaid_kaeo_mueay_ayam_kaon_suea_rason saea indi buho gaid buho ayam an-om indi ap-at rason 
LOG (lattice-best-path[5.5.986~1-5caf25]:main():lattice-best-path.cc:99) For utterance jesusa_suea_haman_ana_buho_ayam_kaeo_indi_gaid_hoo_kaon, best cost 1113.54 + 117333 = 118446 over 1214 frames.
jesusa_suea_haman_ana_buho_ayam_kaeo_indi_gaid_hoo_kaon suea ap-at ap-at buho ayam waeo indi gaid hoo 
LOG (lattice-best-path[5.5.986~1-5caf25]:main():lattice-best-path.cc:99) For utterance jesusa_waea_rason_ubos_pila_tuo_saea_dungok_imo_mueay_basi, best cost 1014.34 + 118889 = 119903 over 1248 frames.
jesusa_waea_rason_ubos_pila_tuo_saea_dungok_imo_mueay_basi waeo rason pila tuo saea dungok imo mueay basi 
LOG (lattice-best-path[5.5.986~1-5caf25]:main():lattice-best-path.cc:99) For utterance joecel_1_4_8, best cost 489.766 + 44129.2 = 44619 over 442 frames.
joecel_1_4_8 ubos saea isaea waeo 
LOG (lattice-best-path[5.5.986~1-5caf25]:main():lattice-best-path.cc:99) For utterance joecel_1_8_10, best cost 401.669 + 40050.7 = 40452.4 over 407 frames.
joecel_1_8_10 waeo hoo ubos 
LOG (lattice-best-path[5.5.986~1-5caf25]:main():lattice-best-path.cc:99) For utterance joecel_2_3_9, best cost 451.788 + 42092.2 = 42544 over 432 frames.
joecel_2_3_9 daywa imo buho ubos 
LOG (lattice-best-path[5.5.986~1-5caf25]:main():lattice-best-path.cc:99) For utterance joecel_2_4_9, best cost 498.655 + 49011.4 = 49510.1 over 502 frames.
joecel_2_4_9 daywa dungok rason ubos 
LOG (lattice-best-path[5.5.986~1-5caf25]:main():lattice-best-path.cc:99) For utterance joecel_3_5_9, best cost 535.005 + 42421.6 = 42956.6 over 437 frames.
joecel_3_5_9 dungok imo li-má ap-at ubos 
LOG (lattice-best-path[5.5.986~1-5caf25]:main():lattice-best-path.cc:99) For utterance joecel_3_7_8, best cost 671.595 + 48958.9 = 49630.5 over 502 frames.
joecel_3_7_8 ubos waeo pitó waeo waeo ubos 
LOG (lattice-best-path[5.5.986~1-5caf25]:main():lattice-best-path.cc:99) For utterance joecel_5_6_9, best cost 425.278 + 36575 = 37000.2 over 372 frames.
joecel_5_6_9 li-má ubos ubos 
LOG (lattice-best-path[5.5.986~1-5caf25]:main():lattice-best-path.cc:99) For utterance joecel_6_7_9, best cost 510.444 + 42732.8 = 43243.2 over 430 frames.
joecel_6_7_9 pitó ubos ubos ubos 
LOG (lattice-best-path[5.5.986~1-5caf25]:main():lattice-best-path.cc:99) For utterance joecel_6_8_10, best cost 490.507 + 39509.2 = 39999.7 over 411 frames.
joecel_6_8_10 kaon waeo hoo ubos 
LOG (lattice-best-path[5.5.986~1-5caf25]:main():lattice-best-path.cc:99) For utterance joecel_8_9_10, best cost 467.85 + 43376.1 = 43843.9 over 458 frames.
joecel_8_9_10 waeo imo buho hoo 
LOG (lattice-best-path[5.5.986~1-5caf25]:main():lattice-best-path.cc:99) For utterance joecel_basi_ayam_mueay_kaon_saea_kaeo_dungok_ana_pila_haman, best cost 1234.2 + 122193 = 123427 over 1255 frames.
joecel_basi_ayam_mueay_kaon_saea_kaeo_dungok_ana_pila_haman basi ayam mueay kaeo rason saea waeo kaeo waeo hoo pila suea 
LOG (lattice-best-path[5.5.986~1-5caf25]:main():lattice-best-path.cc:99) For utterance joecel_buho_haman_tuo_kaeo_ayam_basi_waea_imo_suea_gaid, best cost 1281.49 + 110789 = 112070 over 1123 frames.
joecel_buho_haman_tuo_kaeo_ayam_basi_waea_imo_suea_gaid haman tuo waeo ana rason haman waeo li-má suea tatlo 
LOG (lattice-best-path[5.5.986~1-5caf25]:main():lattice-best-path.cc:99) For utterance joecel_dungok_kaon_ubos_mueay_ayam_gaid_basi_waea_ana_saea, best cost 1403.75 + 115792 = 117196 over 1184 frames.
joecel_dungok_kaon_ubos_mueay_ayam_gaid_basi_waea_ana_saea dungok kaon rason hoo mueay saea ayam ubos kaeo basi waeo ana isaea 
LOG (lattice-best-path[5.5.986~1-5caf25]:main():lattice-best-path.cc:99) For utterance joecel_haman_basi_kaeo_suea_hoo_indi_kaon_rason_ayam_tuo, best cost 1275.39 + 121601 = 122876 over 1243 frames.
joecel_haman_basi_kaeo_suea_hoo_indi_kaon_rason_ayam_tuo rason basi waeo suea ubos waeo indi li-má rason rason ayam tuo 
LOG (lattice-best-path[5.5.986~1-5caf25]:main():lattice-best-path.cc:99) For utterance joecel_indi_ana_saea_imo_buho_dungok_waea_hoo_kaeo_suea, best cost 1192.3 + 121384 = 122576 over 1240 frames.
joecel_indi_ana_saea_imo_buho_dungok_waea_hoo_kaeo_suea indi suea saea waeo ubos waeo dungok waeo hoo waeo suea 
LOG (lattice-best-path[5.5.986~1-5caf25]:main():lattice-best-path.cc:99) For utterance joecel_kaeo_indi_imo_tuo_ayam_waea_hoo_dungok_kaon_ubos, best cost 1314.22 + 119848 = 121162 over 1255 frames.
joecel_kaeo_indi_imo_tuo_ayam_waea_hoo_dungok_kaon_ubos indi indi li-má indi tuo ayam waeo waeo dungok kaeo rason ubos 
LOG (lattice-best-path[5.5.986~1-5caf25]:main():lattice-best-path.cc:99) For utterance joecel_mueay_imo_saea_pila_hoo_gaid_haman_dungok_indi_waea, best cost 1359.86 + 118709 = 120069 over 1212 frames.
joecel_mueay_imo_saea_pila_hoo_gaid_haman_dungok_indi_waea mueay saea li-má ap-at púeo indi kaon waeo dungok imo indi waeo 
LOG (lattice-best-path[5.5.986~1-5caf25]:main():lattice-best-path.cc:99) For utterance joecel_pila_ana_tuo_buho_kaon_hoo_mueay_rason_ubos_dungok, best cost 1137.14 + 119232 = 120369 over 1243 frames.
joecel_pila_ana_tuo_buho_kaon_hoo_mueay_rason_ubos_dungok ap-at waeo buho kaon hoo mueay indi rason ubos dungok 
LOG (lattice-best-path[5.5.986~1-5caf25]:main():lattice-best-path.cc:99) For utterance joecel_suea_waea_kaon_ubos_saea_tuo_dungok_ana_kaeo_buho, best cost 1407.05 + 128483 = 129890 over 1306 frames.
joecel_suea_waea_kaon_ubos_saea_tuo_dungok_ana_kaeo_buho suea waeo rason hoo waeo waeo dungok haman ap-at haman waeo kaeo buho 
LOG (lattice-best-path[5.5.986~1-5caf25]:main():lattice-best-path.cc:99) For utterance joecel_waea_ayam_pila_basi_gaid_mueay_rason_tuo_buho_ubos, best cost 1398.89 + 121139 = 122537 over 1257 frames.
joecel_waea_ayam_pila_basi_gaid_mueay_rason_tuo_buho_ubos ap-at ayam indi ap-at basi kaeo mueay saea rason waeo ubos waeo ubos 
LOG (lattice-best-path[5.5.986~1-5caf25]:main():lattice-best-path.cc:124) Overall cost per frame is 98.9922 = 1.02407 [graph] + 97.9681 [acoustic] over 31760 frames.
LOG (lattice-best-path[5.5.986~1-5caf25]:main():lattice-best-path.cc:128) Done 40 lattices, failed for 0
# Accounting: time=0 threads=1
# Ended (code 0) at Tue Mar 15 14:56:32 PST 2022, elapsed time 0 seconds
