# lattice-best-path --lm-scale=15 --word-symbol-table=exp/tri1/graph/words.txt "ark:gunzip -c exp/tri1/decode/lat.*.gz|" ark,t:exp/tri1/decode/scoring/15.tra 
# Started at Tue Mar 15 14:56:32 PST 2022
#
lattice-best-path --lm-scale=15 --word-symbol-table=exp/tri1/graph/words.txt 'ark:gunzip -c exp/tri1/decode/lat.*.gz|' ark,t:exp/tri1/decode/scoring/15.tra 
LOG (lattice-best-path[5.5.986~1-5caf25]:main():lattice-best-path.cc:99) For utterance jesusa_10_1_2, best cost 498.229 + 26906.7 = 27404.9 over 265 frames.
jesusa_10_1_2 buho isaea daywa 
LOG (lattice-best-path[5.5.986~1-5caf25]:main():lattice-best-path.cc:99) For utterance jesusa_10_4_7, best cost 389.438 + 23744.4 = 24133.8 over 224 frames.
jesusa_10_4_7 ap-at buho 
LOG (lattice-best-path[5.5.986~1-5caf25]:main():lattice-best-path.cc:99) For utterance jesusa_1_2_3, best cost 482.621 + 27688.1 = 28170.7 over 267 frames.
jesusa_1_2_3 daywa tatlo 
LOG (lattice-best-path[5.5.986~1-5caf25]:main():lattice-best-path.cc:99) For utterance jesusa_1_3_2, best cost 334.228 + 28335.6 = 28669.9 over 262 frames.
jesusa_1_3_2 waea 
LOG (lattice-best-path[5.5.986~1-5caf25]:main():lattice-best-path.cc:99) For utterance jesusa_1_5_6, best cost 257.098 + 26863.2 = 27120.3 over 247 frames.
jesusa_1_5_6 
LOG (lattice-best-path[5.5.986~1-5caf25]:main():lattice-best-path.cc:99) For utterance jesusa_4_4_2, best cost 577.337 + 26887.7 = 27465.1 over 254 frames.
jesusa_4_4_2 ap-at ap-at daywa 
LOG (lattice-best-path[5.5.986~1-5caf25]:main():lattice-best-path.cc:99) For utterance jesusa_4_5_6, best cost 381.125 + 26709.2 = 27090.3 over 258 frames.
jesusa_4_5_6 ap-at 
LOG (lattice-best-path[5.5.986~1-5caf25]:main():lattice-best-path.cc:99) For utterance jesusa_7_7_7, best cost 569.712 + 20877.8 = 21447.5 over 204 frames.
jesusa_7_7_7 buho tuo imo tuo 
LOG (lattice-best-path[5.5.986~1-5caf25]:main():lattice-best-path.cc:99) For utterance jesusa_7_8_9, best cost 465.52 + 25213.6 = 25679.2 over 247 frames.
jesusa_7_8_9 buho waeo 
LOG (lattice-best-path[5.5.986~1-5caf25]:main():lattice-best-path.cc:99) For utterance jesusa_8_10_9, best cost 455.771 + 23421.7 = 23877.5 over 226 frames.
jesusa_8_10_9 waeo buho ayam 
LOG (lattice-best-path[5.5.986~1-5caf25]:main():lattice-best-path.cc:99) For utterance jesusa_ana_rason_buho_imo_suea_kaon_kaeo_waea_saea_ubos, best cost 1478.32 + 120242 = 121721 over 1226 frames.
jesusa_ana_rason_buho_imo_suea_kaon_kaeo_waea_saea_ubos ap-at rason buho suea waeo waeo ap-at 
LOG (lattice-best-path[5.5.986~1-5caf25]:main():lattice-best-path.cc:99) For utterance jesusa_ana_waea_dungok_haman_tuo_basi_imo_pila_ubos_hoo, best cost 1552.82 + 123669 = 125222 over 1249 frames.
jesusa_ana_waea_dungok_haman_tuo_basi_imo_pila_ubos_hoo ap-at waea tuo buho indi imo pila 
LOG (lattice-best-path[5.5.986~1-5caf25]:main():lattice-best-path.cc:99) For utterance jesusa_ayam_mueay_indi_waea_tuo_buho_kaeo_gaid_ubos_imo, best cost 1421.98 + 118077 = 119499 over 1197 frames.
jesusa_ayam_mueay_indi_waea_tuo_buho_kaeo_gaid_ubos_imo ayam mueay indi waea tuo púeo buho waeo ap-at 
LOG (lattice-best-path[5.5.986~1-5caf25]:main():lattice-best-path.cc:99) For utterance jesusa_dungok_pila_ana_ubos_kaeo_mueay_saea_rason_buho_kaon, best cost 1566.49 + 125160 = 126726 over 1263 frames.
jesusa_dungok_pila_ana_ubos_kaeo_mueay_saea_rason_buho_kaon dungok buho pila ap-at basi mueay saea rason buho 
LOG (lattice-best-path[5.5.986~1-5caf25]:main():lattice-best-path.cc:99) For utterance jesusa_gaid_haman_hoo_imo_ayam_suea_indi_tuo_waea_basi, best cost 1694.62 + 127739 = 129433 over 1313 frames.
jesusa_gaid_haman_hoo_imo_ayam_suea_indi_tuo_waea_basi gaid haman rason hoo ayam suea indi tuo púeo waea ap-at basi 
LOG (lattice-best-path[5.5.986~1-5caf25]:main():lattice-best-path.cc:99) For utterance jesusa_hoo_pila_gaid_tuo_dungok_haman_basi_indi_ayam_mueay, best cost 1665.98 + 126021 = 127687 over 1300 frames.
jesusa_hoo_pila_gaid_tuo_dungok_haman_basi_indi_ayam_mueay buho pila ap-at tuo buho dungok ayam indi indi ayam mueay 
LOG (lattice-best-path[5.5.986~1-5caf25]:main():lattice-best-path.cc:99) For utterance jesusa_pila_saea_dungok_hoo_kaon_haman_ana_basi_rason_suea, best cost 1538.18 + 120930 = 122468 over 1251 frames.
jesusa_pila_saea_dungok_hoo_kaon_haman_ana_basi_rason_suea pila ap-at saea dungok hoo ap-at basi rason suea 
LOG (lattice-best-path[5.5.986~1-5caf25]:main():lattice-best-path.cc:99) For utterance jesusa_saea_indi_buho_gaid_kaeo_mueay_ayam_kaon_suea_rason, best cost 1602.39 + 130206 = 131808 over 1334 frames.
jesusa_saea_indi_buho_gaid_kaeo_mueay_ayam_kaon_suea_rason saea indi buho gaid buho ayam indi suea rason 
LOG (lattice-best-path[5.5.986~1-5caf25]:main():lattice-best-path.cc:99) For utterance jesusa_suea_haman_ana_buho_ayam_kaeo_indi_gaid_hoo_kaon, best cost 1468.88 + 117513 = 118982 over 1214 frames.
jesusa_suea_haman_ana_buho_ayam_kaeo_indi_gaid_hoo_kaon suea ap-at buho ayam indi gaid hoo 
LOG (lattice-best-path[5.5.986~1-5caf25]:main():lattice-best-path.cc:99) For utterance jesusa_waea_rason_ubos_pila_tuo_saea_dungok_imo_mueay_basi, best cost 1410.32 + 118995 = 120405 over 1248 frames.
jesusa_waea_rason_ubos_pila_tuo_saea_dungok_imo_mueay_basi rason pila tuo saea dungok imo mueay basi 
LOG (lattice-best-path[5.5.986~1-5caf25]:main():lattice-best-path.cc:99) For utterance joecel_1_4_8, best cost 675.934 + 44183.3 = 44859.2 over 442 frames.
joecel_1_4_8 imo suea isaea waeo 
LOG (lattice-best-path[5.5.986~1-5caf25]:main():lattice-best-path.cc:99) For utterance joecel_1_8_10, best cost 602.504 + 40050.7 = 40653.2 over 407 frames.
joecel_1_8_10 waeo hoo ubos 
LOG (lattice-best-path[5.5.986~1-5caf25]:main():lattice-best-path.cc:99) For utterance joecel_2_3_9, best cost 677.681 + 42092.2 = 42769.9 over 432 frames.
joecel_2_3_9 daywa imo buho ubos 
LOG (lattice-best-path[5.5.986~1-5caf25]:main():lattice-best-path.cc:99) For utterance joecel_2_4_9, best cost 747.982 + 49011.4 = 49759.4 over 502 frames.
joecel_2_4_9 daywa dungok rason ubos 
LOG (lattice-best-path[5.5.986~1-5caf25]:main():lattice-best-path.cc:99) For utterance joecel_3_5_9, best cost 544.921 + 42639.2 = 43184.1 over 437 frames.
joecel_3_5_9 li-má ap-at 
LOG (lattice-best-path[5.5.986~1-5caf25]:main():lattice-best-path.cc:99) For utterance joecel_3_7_8, best cost 805.037 + 49143.1 = 49948.1 over 502 frames.
joecel_3_7_8 ubos pitó waeo waeo 
LOG (lattice-best-path[5.5.986~1-5caf25]:main():lattice-best-path.cc:99) For utterance joecel_5_6_9, best cost 637.917 + 36575 = 37212.9 over 372 frames.
joecel_5_6_9 li-má ubos ubos 
LOG (lattice-best-path[5.5.986~1-5caf25]:main():lattice-best-path.cc:99) For utterance joecel_6_7_9, best cost 626.361 + 42858 = 43484.3 over 430 frames.
joecel_6_7_9 pitó ubos ubos 
LOG (lattice-best-path[5.5.986~1-5caf25]:main():lattice-best-path.cc:99) For utterance joecel_6_8_10, best cost 656.103 + 39564.8 = 40220.9 over 411 frames.
joecel_6_8_10 waeo hoo ubos 
LOG (lattice-best-path[5.5.986~1-5caf25]:main():lattice-best-path.cc:99) For utterance joecel_8_9_10, best cost 594.82 + 43465.1 = 44059.9 over 458 frames.
joecel_8_9_10 waeo imo hoo 
LOG (lattice-best-path[5.5.986~1-5caf25]:main():lattice-best-path.cc:99) For utterance joecel_basi_ayam_mueay_kaon_saea_kaeo_dungok_ana_pila_haman, best cost 1601.86 + 122403 = 124005 over 1255 frames.
joecel_basi_ayam_mueay_kaon_saea_kaeo_dungok_ana_pila_haman basi ayam mueay kaon saea waeo kaeo waeo hoo pila 
LOG (lattice-best-path[5.5.986~1-5caf25]:main():lattice-best-path.cc:99) For utterance joecel_buho_haman_tuo_kaeo_ayam_basi_waea_imo_suea_gaid, best cost 1675.11 + 110993 = 112668 over 1123 frames.
joecel_buho_haman_tuo_kaeo_ayam_basi_waea_imo_suea_gaid haman tuo waeo ayam waeo li-má suea tatlo 
LOG (lattice-best-path[5.5.986~1-5caf25]:main():lattice-best-path.cc:99) For utterance joecel_dungok_kaon_ubos_mueay_ayam_gaid_basi_waea_ana_saea, best cost 1758.58 + 116078 = 117836 over 1184 frames.
joecel_dungok_kaon_ubos_mueay_ayam_gaid_basi_waea_ana_saea kaon hoo waeo ayam ubos kaeo basi waea ana isaea 
LOG (lattice-best-path[5.5.986~1-5caf25]:main():lattice-best-path.cc:99) For utterance joecel_haman_basi_kaeo_suea_hoo_indi_kaon_rason_ayam_tuo, best cost 1663.16 + 121795 = 123458 over 1243 frames.
joecel_haman_basi_kaeo_suea_hoo_indi_kaon_rason_ayam_tuo rason basi suea waeo indi waeo rason rason ayam tuo 
LOG (lattice-best-path[5.5.986~1-5caf25]:main():lattice-best-path.cc:99) For utterance joecel_indi_ana_saea_imo_buho_dungok_waea_hoo_kaeo_suea, best cost 1434.02 + 121684 = 123118 over 1240 frames.
joecel_indi_ana_saea_imo_buho_dungok_waea_hoo_kaeo_suea indi saea waeo waeo hoo waeo suea 
LOG (lattice-best-path[5.5.986~1-5caf25]:main():lattice-best-path.cc:99) For utterance joecel_kaeo_indi_imo_tuo_ayam_waea_hoo_dungok_kaon_ubos, best cost 1654.65 + 120118 = 121773 over 1255 frames.
joecel_kaeo_indi_imo_tuo_ayam_waea_hoo_dungok_kaon_ubos indi indi li-má tuo ayam waeo haman dungok ubos 
LOG (lattice-best-path[5.5.986~1-5caf25]:main():lattice-best-path.cc:99) For utterance joecel_mueay_imo_saea_pila_hoo_gaid_haman_dungok_indi_waea, best cost 1481.06 + 119172 = 120653 over 1212 frames.
joecel_mueay_imo_saea_pila_hoo_gaid_haman_dungok_indi_waea mueay saea hoo waeo dungok indi waeo 
LOG (lattice-best-path[5.5.986~1-5caf25]:main():lattice-best-path.cc:99) For utterance joecel_pila_ana_tuo_buho_kaon_hoo_mueay_rason_ubos_dungok, best cost 1705.72 + 119232 = 120938 over 1243 frames.
joecel_pila_ana_tuo_buho_kaon_hoo_mueay_rason_ubos_dungok ap-at waeo buho kaon hoo mueay indi rason ubos dungok 
LOG (lattice-best-path[5.5.986~1-5caf25]:main():lattice-best-path.cc:99) For utterance joecel_suea_waea_kaon_ubos_saea_tuo_dungok_ana_kaeo_buho, best cost 1771.95 + 128747 = 130519 over 1306 frames.
joecel_suea_waea_kaon_ubos_saea_tuo_dungok_ana_kaeo_buho suea hoo waeo waeo dungok ana haman waeo buho 
LOG (lattice-best-path[5.5.986~1-5caf25]:main():lattice-best-path.cc:99) For utterance joecel_waea_ayam_pila_basi_gaid_mueay_rason_tuo_buho_ubos, best cost 1799.93 + 121414 = 123214 over 1257 frames.
joecel_waea_ayam_pila_basi_gaid_mueay_rason_tuo_buho_ubos ap-at ayam indi ap-at basi kaeo mueay saea rason buho ubos 
LOG (lattice-best-path[5.5.986~1-5caf25]:main():lattice-best-path.cc:124) Overall cost per frame is 99.4756 = 1.35159 [graph] + 98.124 [acoustic] over 31760 frames.
LOG (lattice-best-path[5.5.986~1-5caf25]:main():lattice-best-path.cc:128) Done 40 lattices, failed for 0
# Accounting: time=1 threads=1
# Ended (code 0) at Tue Mar 15 14:56:33 PST 2022, elapsed time 1 seconds
